---------------------------------------------------------------
[ 2019-03-30T19:08:05+08:00 ] 0.0.0.0 GET /index/detail?comic_id=1
[ info ] localhost:8090/index/detail?comic_id=1 [运行时间：11.820192s][吞吐率：0.08req/s] [内存消耗：4,935.48kb] [文件加载：74]
[ info ] [ BEHAVIOR ] Run Closure @app_init [ RunTime:0.000313s ]
[ info ] [ CACHE ] INIT File
[ info ] [ BEHAVIOR ] Run Closure @app_init [ RunTime:0.055035s ]
[ info ] [ LANG ] E:\phpStudy\WWW\haiyounet\comic\thinkphp\lang\zh-cn.php
[ info ] [ ROUTE ] array (
  'type' => 'module',
  'module' => 
  array (
    0 => 'index',
    1 => 'detail',
    2 => NULL,
  ),
)
[ info ] [ HEADER ] array (
  'cookie' => '_ga=GA1.1.310431108.1553592887; PHPSESSID=frlu4k6p57e86asr31homcqr56; authTag=admin; thinkphp_show_page_trace=0|0',
  'accept-language' => 'zh-CN,zh;q=0.9',
  'accept-encoding' => 'gzip, deflate, br',
  'accept' => 'text/html,application/xhtml+xml,application/xml;q=0.9,image/webp,image/apng,*/*;q=0.8,application/signed-exchange;v=b3',
  'user-agent' => 'Mozilla/5.0 (Windows NT 10.0; Win64; x64) AppleWebKit/537.36 (KHTML, like Gecko) Chrome/73.0.3683.86 Safari/537.36',
  'upgrade-insecure-requests' => '1',
  'connection' => 'close',
  'host' => 'localhost:8090',
)
[ info ] [ PARAM ] array (
  'comic_id' => '1',
)
[ info ] [ LANG ] E:\phpStudy\WWW\haiyounet\comic\public/../application/index\lang\zh-cn.php
[ info ] [ BEHAVIOR ] Run app\common\behavior\Common @module_init [ RunTime:0.010694s ]
[ info ] [ RUN ] app\index\controller\Detail->index[ E:\phpStudy\WWW\haiyounet\comic\application\index\controller\Detail.php ]
[ info ] [ DB ] INIT mysql
[ info ] [ VIEW ] E:\phpStudy\WWW\haiyounet\comic\public/../application/index\view\detail\index.html [ array (
  0 => 'user',
  1 => 'image_prefix',
  2 => 'site',
  3 => 'config',
  4 => 'now',
  5 => 'classification_list',
  6 => 'comic_info',
  7 => 'chapter_list',
  8 => 'recommend_comic_list',
  9 => 'seo_config',
) ]
[ info ] [ LOG ] INIT File
[ error ] [2]array_rand(): Second argument has to be between 1 and the number of elements in the array[E:\phpStudy\WWW\haiyounet\comic\application\index\controller\Detail.php:81]
[ error ] [2]Invalid argument supplied for foreach()[E:\phpStudy\WWW\haiyounet\comic\application\index\controller\Detail.php:84]
---------------------------------------------------------------
[ 2019-03-30T19:08:09+08:00 ] 0.0.0.0 GET /favicon.ico
[ info ] localhost:8090/favicon.ico [运行时间：0.594067s][吞吐率：1.68req/s] [内存消耗：1,684.54kb] [文件加载：49]
[ info ] [ BEHAVIOR ] Run Closure @app_init [ RunTime:0.000052s ]
[ info ] [ CACHE ] INIT File
[ info ] [ BEHAVIOR ] Run Closure @app_init [ RunTime:0.003181s ]
[ info ] [ LANG ] E:\phpStudy\WWW\haiyounet\comic\thinkphp\lang\zh-cn.php
[ info ] [ ROUTE ] array (
  'type' => 'module',
  'module' => 
  array (
    0 => 'favicon.ico',
    1 => NULL,
    2 => NULL,
  ),
)
[ info ] [ HEADER ] array (
  'cookie' => '_ga=GA1.1.310431108.1553592887; PHPSESSID=frlu4k6p57e86asr31homcqr56; authTag=admin; thinkphp_show_page_trace=0|0',
  'accept-language' => 'zh-CN,zh;q=0.9',
  'accept-encoding' => 'gzip, deflate, br',
  'referer' => 'http://localhost:8090/index/detail?comic_id=1',
  'accept' => 'image/webp,image/apng,image/*,*/*;q=0.8',
  'user-agent' => 'Mozilla/5.0 (Windows NT 10.0; Win64; x64) AppleWebKit/537.36 (KHTML, like Gecko) Chrome/73.0.3683.86 Safari/537.36',
  'connection' => 'close',
  'host' => 'localhost:8090',
)
[ info ] [ PARAM ] array (
)
[ info ] [ LOG ] INIT File
---------------------------------------------------------------
[ 2019-03-30T19:17:03+08:00 ] 0.0.0.0 GET /index/classification
[ info ] localhost:8090/index/classification [运行时间：5.255274s][吞吐率：0.19req/s] [内存消耗：3,339.28kb] [文件加载：71]
[ info ] [ BEHAVIOR ] Run Closure @app_init [ RunTime:0.000785s ]
[ info ] [ CACHE ] INIT File
[ info ] [ BEHAVIOR ] Run Closure @app_init [ RunTime:0.049538s ]
[ info ] [ LANG ] E:\phpStudy\WWW\haiyounet\comic\thinkphp\lang\zh-cn.php
[ info ] [ ROUTE ] array (
  'type' => 'module',
  'module' => 
  array (
    0 => 'index',
    1 => 'classification',
    2 => NULL,
  ),
)
[ info ] [ HEADER ] array (
  'cookie' => '_ga=GA1.1.310431108.1553592887; PHPSESSID=frlu4k6p57e86asr31homcqr56; authTag=admin; thinkphp_show_page_trace=0|0',
  'accept-language' => 'zh-CN,zh;q=0.9',
  'accept-encoding' => 'gzip, deflate, br',
  'referer' => 'http://localhost:8090/index/detail?comic_id=1',
  'accept' => 'text/html,application/xhtml+xml,application/xml;q=0.9,image/webp,image/apng,*/*;q=0.8,application/signed-exchange;v=b3',
  'user-agent' => 'Mozilla/5.0 (Windows NT 10.0; Win64; x64) AppleWebKit/537.36 (KHTML, like Gecko) Chrome/73.0.3683.86 Safari/537.36',
  'upgrade-insecure-requests' => '1',
  'connection' => 'close',
  'host' => 'localhost:8090',
)
[ info ] [ PARAM ] array (
)
[ info ] [ LANG ] E:\phpStudy\WWW\haiyounet\comic\public/../application/index\lang\zh-cn.php
[ info ] [ BEHAVIOR ] Run app\common\behavior\Common @module_init [ RunTime:0.029606s ]
[ info ] [ RUN ] app\index\controller\Classification->index[ E:\phpStudy\WWW\haiyounet\comic\application\index\controller\Classification.php ]
[ info ] [ DB ] INIT mysql
[ info ] [ VIEW ] E:\phpStudy\WWW\haiyounet\comic\public/../application/index\view\classification\index.html [ array (
  0 => 'user',
  1 => 'image_prefix',
  2 => 'site',
  3 => 'config',
  4 => 'now',
  5 => 'classification',
  6 => 'classification_list',
  7 => 'classification_text',
  8 => 'page',
  9 => 'state',
  10 => 'seo_config',
  11 => 'type',
) ]
[ info ] [ LOG ] INIT File
[ error ] [8]未定义变量: artist[E:\phpStudy\WWW\haiyounet\comic\runtime\temp\55ec1333afda4e5d322eea01a2971182.php:206]
---------------------------------------------------------------
[ 2019-03-30T19:17:08+08:00 ] 0.0.0.0 GET /index/classification/search?page=1&classification=198&state=
[ info ] localhost:8090/index/classification/search?page=1&classification=198&state= [运行时间：4.892149s][吞吐率：0.20req/s] [内存消耗：3,180.91kb] [文件加载：66]
[ info ] [ BEHAVIOR ] Run Closure @app_init [ RunTime:0.000059s ]
[ info ] [ CACHE ] INIT File
[ info ] [ BEHAVIOR ] Run Closure @app_init [ RunTime:0.005527s ]
[ info ] [ LANG ] E:\phpStudy\WWW\haiyounet\comic\thinkphp\lang\zh-cn.php
[ info ] [ ROUTE ] array (
  'type' => 'module',
  'module' => 
  array (
    0 => 'index',
    1 => 'classification',
    2 => 'search',
  ),
)
[ info ] [ HEADER ] array (
  'cookie' => '_ga=GA1.1.310431108.1553592887; PHPSESSID=frlu4k6p57e86asr31homcqr56; authTag=admin; thinkphp_show_page_trace=0|0',
  'accept-language' => 'zh-CN,zh;q=0.9',
  'accept-encoding' => 'gzip, deflate, br',
  'referer' => 'http://localhost:8090/index/classification',
  'user-agent' => 'Mozilla/5.0 (Windows NT 10.0; Win64; x64) AppleWebKit/537.36 (KHTML, like Gecko) Chrome/73.0.3683.86 Safari/537.36',
  'x-requested-with' => 'XMLHttpRequest',
  'accept' => 'application/json, text/javascript, */*; q=0.01',
  'connection' => 'close',
  'host' => 'localhost:8090',
)
[ info ] [ PARAM ] array (
  'page' => '1',
  'classification' => '198',
  'state' => '',
)
[ info ] [ LANG ] E:\phpStudy\WWW\haiyounet\comic\public/../application/index\lang\zh-cn.php
[ info ] [ BEHAVIOR ] Run app\common\behavior\Common @module_init [ RunTime:0.000624s ]
[ info ] [ RUN ] app\index\controller\Classification->search[ E:\phpStudy\WWW\haiyounet\comic\application\index\controller\Classification.php ]
[ info ] [ DB ] INIT mysql
[ info ] [ LOG ] INIT File
---------------------------------------------------------------
[ 2019-03-30T19:59:49+08:00 ] 0.0.0.0 GET /index/classification/artist?name=Yanagida%20fumita
[ info ] localhost:8090/index/classification/artist?name=Yanagida%20fumita [运行时间：0.057627s][吞吐率：17.35req/s] [内存消耗：2,599.38kb] [文件加载：65]
[ info ] [ BEHAVIOR ] Run Closure @app_init [ RunTime:0.000286s ]
[ info ] [ CACHE ] INIT File
[ info ] [ BEHAVIOR ] Run Closure @app_init [ RunTime:0.003913s ]
[ info ] [ LANG ] E:\phpStudy\WWW\haiyounet\comic\thinkphp\lang\zh-cn.php
[ info ] [ ROUTE ] array (
  'type' => 'module',
  'module' => 
  array (
    0 => 'index',
    1 => 'classification',
    2 => 'artist',
  ),
)
[ info ] [ HEADER ] array (
  'cookie' => '_ga=GA1.1.310431108.1553592887; PHPSESSID=frlu4k6p57e86asr31homcqr56; authTag=admin; thinkphp_show_page_trace=0|0',
  'accept-language' => 'zh-CN,zh;q=0.9',
  'accept-encoding' => 'gzip, deflate, br',
  'accept' => 'text/html,application/xhtml+xml,application/xml;q=0.9,image/webp,image/apng,*/*;q=0.8,application/signed-exchange;v=b3',
  'user-agent' => 'Mozilla/5.0 (Windows NT 10.0; Win64; x64) AppleWebKit/537.36 (KHTML, like Gecko) Chrome/73.0.3683.86 Safari/537.36',
  'upgrade-insecure-requests' => '1',
  'connection' => 'close',
  'host' => 'localhost:8090',
)
[ info ] [ PARAM ] array (
  'name' => 'Yanagida fumita',
)
[ info ] [ LANG ] E:\phpStudy\WWW\haiyounet\comic\public/../application/index\lang\zh-cn.php
[ info ] [ BEHAVIOR ] Run app\common\behavior\Common @module_init [ RunTime:0.000936s ]
[ info ] [ RUN ] app\index\controller\Classification->artist[ E:\phpStudy\WWW\haiyounet\comic\application\index\controller\Classification.php ]
[ info ] [ VIEW ] E:\phpStudy\WWW\haiyounet\comic\public/../application/index\view\classification\index.html [ array (
  0 => 'user',
  1 => 'image_prefix',
  2 => 'site',
  3 => 'config',
  4 => 'now',
  5 => 'page',
  6 => 'type',
  7 => 'artist',
) ]
[ info ] [ LOG ] INIT File
[ error ] [8]未定义变量: seo_config[E:\phpStudy\WWW\haiyounet\comic\runtime\temp\55ec1333afda4e5d322eea01a2971182.php:8]
[ error ] [8]未定义变量: seo_config[E:\phpStudy\WWW\haiyounet\comic\runtime\temp\55ec1333afda4e5d322eea01a2971182.php:9]
[ error ] [8]未定义变量: seo_config[E:\phpStudy\WWW\haiyounet\comic\runtime\temp\55ec1333afda4e5d322eea01a2971182.php:10]
[ error ] [8]未定义变量: classification_list[E:\phpStudy\WWW\haiyounet\comic\runtime\temp\55ec1333afda4e5d322eea01a2971182.php:189]
[ error ] [8]未定义变量: classification_list[E:\phpStudy\WWW\haiyounet\comic\runtime\temp\55ec1333afda4e5d322eea01a2971182.php:189]
[ error ] [8]未定义变量: classification_list[E:\phpStudy\WWW\haiyounet\comic\runtime\temp\55ec1333afda4e5d322eea01a2971182.php:189]
[ error ] [8]未定义变量: classification[E:\phpStudy\WWW\haiyounet\comic\runtime\temp\55ec1333afda4e5d322eea01a2971182.php:205]
[ error ] [8]未定义变量: state[E:\phpStudy\WWW\haiyounet\comic\runtime\temp\55ec1333afda4e5d322eea01a2971182.php:208]
[ error ] [8]未定义变量: classification_text[E:\phpStudy\WWW\haiyounet\comic\runtime\temp\55ec1333afda4e5d322eea01a2971182.php:213]
---------------------------------------------------------------
[ 2019-03-30T19:59:52+08:00 ] 0.0.0.0 GET /index/classification/searchartist?page=1&artist=Yanagida%20fumita
[ info ] localhost:8090/index/classification/searchartist?page=1&artist=Yanagida%20fumita [运行时间：2.914653s][吞吐率：0.34req/s] [内存消耗：3,222.59kb] [文件加载：70]
[ info ] [ BEHAVIOR ] Run Closure @app_init [ RunTime:0.000062s ]
[ info ] [ CACHE ] INIT File
[ info ] [ BEHAVIOR ] Run Closure @app_init [ RunTime:0.004019s ]
[ info ] [ LANG ] E:\phpStudy\WWW\haiyounet\comic\thinkphp\lang\zh-cn.php
[ info ] [ ROUTE ] array (
  'type' => 'module',
  'module' => 
  array (
    0 => 'index',
    1 => 'classification',
    2 => 'searchartist',
  ),
)
[ info ] [ HEADER ] array (
  'cookie' => '_ga=GA1.1.310431108.1553592887; PHPSESSID=frlu4k6p57e86asr31homcqr56; authTag=admin; thinkphp_show_page_trace=0|0',
  'accept-language' => 'zh-CN,zh;q=0.9',
  'accept-encoding' => 'gzip, deflate, br',
  'referer' => 'http://localhost:8090/index/classification/artist?name=Yanagida%20fumita',
  'user-agent' => 'Mozilla/5.0 (Windows NT 10.0; Win64; x64) AppleWebKit/537.36 (KHTML, like Gecko) Chrome/73.0.3683.86 Safari/537.36',
  'x-requested-with' => 'XMLHttpRequest',
  'accept' => 'application/json, text/javascript, */*; q=0.01',
  'connection' => 'close',
  'host' => 'localhost:8090',
)
[ info ] [ PARAM ] array (
  'page' => '1',
  'artist' => 'Yanagida fumita',
)
[ info ] [ LANG ] E:\phpStudy\WWW\haiyounet\comic\public/../application/index\lang\zh-cn.php
[ info ] [ BEHAVIOR ] Run app\common\behavior\Common @module_init [ RunTime:0.000587s ]
[ info ] [ RUN ] app\index\controller\Classification->searchArtist[ E:\phpStudy\WWW\haiyounet\comic\application\index\controller\Classification.php ]
[ info ] [ DB ] INIT mysql
[ info ] [ LOG ] INIT File
[ error ] [2]Invalid argument supplied for foreach()[E:\phpStudy\WWW\haiyounet\comic\application\index\controller\Classification.php:134]
---------------------------------------------------------------
[ 2019-03-30T19:59:59+08:00 ] 0.0.0.0 GET /index/classification/artist?name=Yanagida%20fumita
[ info ] localhost:8090/index/classification/artist?name=Yanagida%20fumita [运行时间：0.048106s][吞吐率：20.79req/s] [内存消耗：2,599.78kb] [文件加载：65]
[ info ] [ BEHAVIOR ] Run Closure @app_init [ RunTime:0.000054s ]
[ info ] [ CACHE ] INIT File
[ info ] [ BEHAVIOR ] Run Closure @app_init [ RunTime:0.003623s ]
[ info ] [ LANG ] E:\phpStudy\WWW\haiyounet\comic\thinkphp\lang\zh-cn.php
[ info ] [ ROUTE ] array (
  'type' => 'module',
  'module' => 
  array (
    0 => 'index',
    1 => 'classification',
    2 => 'artist',
  ),
)
[ info ] [ HEADER ] array (
  'cookie' => '_ga=GA1.1.310431108.1553592887; PHPSESSID=frlu4k6p57e86asr31homcqr56; authTag=admin; thinkphp_show_page_trace=0|0',
  'accept-language' => 'zh-CN,zh;q=0.9',
  'accept-encoding' => 'gzip, deflate, br',
  'accept' => 'text/html,application/xhtml+xml,application/xml;q=0.9,image/webp,image/apng,*/*;q=0.8,application/signed-exchange;v=b3',
  'user-agent' => 'Mozilla/5.0 (Windows NT 10.0; Win64; x64) AppleWebKit/537.36 (KHTML, like Gecko) Chrome/73.0.3683.86 Safari/537.36',
  'upgrade-insecure-requests' => '1',
  'cache-control' => 'max-age=0',
  'connection' => 'close',
  'host' => 'localhost:8090',
)
[ info ] [ PARAM ] array (
  'name' => 'Yanagida fumita',
)
[ info ] [ LANG ] E:\phpStudy\WWW\haiyounet\comic\public/../application/index\lang\zh-cn.php
[ info ] [ BEHAVIOR ] Run app\common\behavior\Common @module_init [ RunTime:0.000598s ]
[ info ] [ RUN ] app\index\controller\Classification->artist[ E:\phpStudy\WWW\haiyounet\comic\application\index\controller\Classification.php ]
[ info ] [ VIEW ] E:\phpStudy\WWW\haiyounet\comic\public/../application/index\view\classification\index.html [ array (
  0 => 'user',
  1 => 'image_prefix',
  2 => 'site',
  3 => 'config',
  4 => 'now',
  5 => 'page',
  6 => 'type',
  7 => 'artist',
) ]
[ info ] [ LOG ] INIT File
[ error ] [8]未定义变量: seo_config[E:\phpStudy\WWW\haiyounet\comic\runtime\temp\55ec1333afda4e5d322eea01a2971182.php:8]
[ error ] [8]未定义变量: seo_config[E:\phpStudy\WWW\haiyounet\comic\runtime\temp\55ec1333afda4e5d322eea01a2971182.php:9]
[ error ] [8]未定义变量: seo_config[E:\phpStudy\WWW\haiyounet\comic\runtime\temp\55ec1333afda4e5d322eea01a2971182.php:10]
[ error ] [8]未定义变量: classification_list[E:\phpStudy\WWW\haiyounet\comic\runtime\temp\55ec1333afda4e5d322eea01a2971182.php:189]
[ error ] [8]未定义变量: classification_list[E:\phpStudy\WWW\haiyounet\comic\runtime\temp\55ec1333afda4e5d322eea01a2971182.php:189]
[ error ] [8]未定义变量: classification_list[E:\phpStudy\WWW\haiyounet\comic\runtime\temp\55ec1333afda4e5d322eea01a2971182.php:189]
[ error ] [8]未定义变量: classification[E:\phpStudy\WWW\haiyounet\comic\runtime\temp\55ec1333afda4e5d322eea01a2971182.php:205]
[ error ] [8]未定义变量: state[E:\phpStudy\WWW\haiyounet\comic\runtime\temp\55ec1333afda4e5d322eea01a2971182.php:208]
[ error ] [8]未定义变量: classification_text[E:\phpStudy\WWW\haiyounet\comic\runtime\temp\55ec1333afda4e5d322eea01a2971182.php:213]
---------------------------------------------------------------
[ 2019-03-30T20:00:02+08:00 ] 0.0.0.0 GET /index/classification/searchartist?page=1&artist=Yanagida%20fumita
[ info ] localhost:8090/index/classification/searchartist?page=1&artist=Yanagida%20fumita [运行时间：3.084797s][吞吐率：0.32req/s] [内存消耗：3,222.59kb] [文件加载：70]
[ info ] [ BEHAVIOR ] Run Closure @app_init [ RunTime:0.000054s ]
[ info ] [ CACHE ] INIT File
[ info ] [ BEHAVIOR ] Run Closure @app_init [ RunTime:0.003340s ]
[ info ] [ LANG ] E:\phpStudy\WWW\haiyounet\comic\thinkphp\lang\zh-cn.php
[ info ] [ ROUTE ] array (
  'type' => 'module',
  'module' => 
  array (
    0 => 'index',
    1 => 'classification',
    2 => 'searchartist',
  ),
)
[ info ] [ HEADER ] array (
  'cookie' => '_ga=GA1.1.310431108.1553592887; PHPSESSID=frlu4k6p57e86asr31homcqr56; authTag=admin; thinkphp_show_page_trace=0|0',
  'accept-language' => 'zh-CN,zh;q=0.9',
  'accept-encoding' => 'gzip, deflate, br',
  'referer' => 'http://localhost:8090/index/classification/artist?name=Yanagida%20fumita',
  'user-agent' => 'Mozilla/5.0 (Windows NT 10.0; Win64; x64) AppleWebKit/537.36 (KHTML, like Gecko) Chrome/73.0.3683.86 Safari/537.36',
  'x-requested-with' => 'XMLHttpRequest',
  'accept' => 'application/json, text/javascript, */*; q=0.01',
  'connection' => 'close',
  'host' => 'localhost:8090',
)
[ info ] [ PARAM ] array (
  'page' => '1',
  'artist' => 'Yanagida fumita',
)
[ info ] [ LANG ] E:\phpStudy\WWW\haiyounet\comic\public/../application/index\lang\zh-cn.php
[ info ] [ BEHAVIOR ] Run app\common\behavior\Common @module_init [ RunTime:0.000618s ]
[ info ] [ RUN ] app\index\controller\Classification->searchArtist[ E:\phpStudy\WWW\haiyounet\comic\application\index\controller\Classification.php ]
[ info ] [ DB ] INIT mysql
[ info ] [ LOG ] INIT File
[ error ] [2]Invalid argument supplied for foreach()[E:\phpStudy\WWW\haiyounet\comic\application\index\controller\Classification.php:134]
---------------------------------------------------------------
[ 2019-03-30T20:02:03+08:00 ] 127.0.0.1 GET /index?XDEBUG_SESSION_START=12351
[ info ] 127.0.0.1:8090/index?XDEBUG_SESSION_START=12351 [运行时间：7.001015s][吞吐率：0.14req/s] [内存消耗：3,273.89kb] [文件加载：71]
[ info ] [ BEHAVIOR ] Run Closure @app_init [ RunTime:0.000086s ]
[ info ] [ CACHE ] INIT File
[ info ] [ BEHAVIOR ] Run Closure @app_init [ RunTime:0.004911s ]
[ info ] [ LANG ] E:\phpStudy\WWW\haiyounet\comic\thinkphp\lang\zh-cn.php
[ info ] [ ROUTE ] array (
  'type' => 'module',
  'module' => 
  array (
    0 => 'index',
    1 => NULL,
    2 => NULL,
  ),
)
[ info ] [ HEADER ] array (
  'cookie' => '_ga=GA1.1.1686234317.1553678242; PHPSESSID=6ffpci9k4lc4kgel2rl0bduca4',
  'accept-language' => 'zh-CN,zh;q=0.9',
  'accept-encoding' => 'gzip, deflate, br',
  'accept' => 'text/html,application/xhtml+xml,application/xml;q=0.9,image/webp,image/apng,*/*;q=0.8,application/signed-exchange;v=b3',
  'user-agent' => 'Mozilla/5.0 (Windows NT 10.0; Win64; x64) AppleWebKit/537.36 (KHTML, like Gecko) Chrome/73.0.3683.86 Safari/537.36',
  'upgrade-insecure-requests' => '1',
  'connection' => 'close',
  'host' => '127.0.0.1:8090',
)
[ info ] [ PARAM ] array (
  'XDEBUG_SESSION_START' => '12351',
)
[ info ] [ LANG ] E:\phpStudy\WWW\haiyounet\comic\public/../application/index\lang\zh-cn.php
[ info ] [ BEHAVIOR ] Run app\common\behavior\Common @module_init [ RunTime:0.001090s ]
[ info ] [ LANG ] E:\phpStudy\WWW\haiyounet\comic\public/../application/index/lang/zh-cn/index.php
[ info ] [ RUN ] app\index\controller\Index->index[ E:\phpStudy\WWW\haiyounet\comic\application\index\controller\Index.php ]
[ info ] [ DB ] INIT mysql
[ info ] [ VIEW ] E:\phpStudy\WWW\haiyounet\comic\public/../application/index\view\index\index.html [ array (
  0 => 'user',
  1 => 'image_prefix',
  2 => 'site',
  3 => 'config',
  4 => 'now',
  5 => 'comic_list',
  6 => 'top_rank_list',
  7 => 'seo_config',
) ]
[ info ] [ LOG ] INIT File
---------------------------------------------------------------
[ 2019-03-30T20:02:04+08:00 ] 127.0.0.1 GET /favicon.ico
[ info ] 127.0.0.1:8090/favicon.ico [运行时间：0.054822s][吞吐率：18.24req/s] [内存消耗：1,684.24kb] [文件加载：49]
[ info ] [ BEHAVIOR ] Run Closure @app_init [ RunTime:0.000071s ]
[ info ] [ CACHE ] INIT File
[ info ] [ BEHAVIOR ] Run Closure @app_init [ RunTime:0.002943s ]
[ info ] [ LANG ] E:\phpStudy\WWW\haiyounet\comic\thinkphp\lang\zh-cn.php
[ info ] [ ROUTE ] array (
  'type' => 'module',
  'module' => 
  array (
    0 => 'favicon.ico',
    1 => NULL,
    2 => NULL,
  ),
)
[ info ] [ HEADER ] array (
  'cookie' => '_ga=GA1.1.1686234317.1553678242; PHPSESSID=6ffpci9k4lc4kgel2rl0bduca4; XDEBUG_SESSION=12351',
  'accept-language' => 'zh-CN,zh;q=0.9',
  'accept-encoding' => 'gzip, deflate, br',
  'referer' => 'http://127.0.0.1:8090/index?XDEBUG_SESSION_START=12351',
  'accept' => 'image/webp,image/apng,image/*,*/*;q=0.8',
  'user-agent' => 'Mozilla/5.0 (Windows NT 10.0; Win64; x64) AppleWebKit/537.36 (KHTML, like Gecko) Chrome/73.0.3683.86 Safari/537.36',
  'connection' => 'close',
  'host' => '127.0.0.1:8090',
)
[ info ] [ PARAM ] array (
)
[ info ] [ LOG ] INIT File
---------------------------------------------------------------
[ 2019-03-30T20:02:40+08:00 ] 127.0.0.1 GET /index/classification/artist?name=Yanagida%20fumita?XDEBUG_SESSION_START=12351
[ info ] 127.0.0.1:8090/index/classification/artist?name=Yanagida%20fumita?XDEBUG_SESSION_START=12351 [运行时间：0.051121s][吞吐率：19.56req/s] [内存消耗：2,599.13kb] [文件加载：65]
[ info ] [ BEHAVIOR ] Run Closure @app_init [ RunTime:0.000085s ]
[ info ] [ CACHE ] INIT File
[ info ] [ BEHAVIOR ] Run Closure @app_init [ RunTime:0.003325s ]
[ info ] [ LANG ] E:\phpStudy\WWW\haiyounet\comic\thinkphp\lang\zh-cn.php
[ info ] [ ROUTE ] array (
  'type' => 'module',
  'module' => 
  array (
    0 => 'index',
    1 => 'classification',
    2 => 'artist',
  ),
)
[ info ] [ HEADER ] array (
  'cookie' => '_ga=GA1.1.1686234317.1553678242; PHPSESSID=6ffpci9k4lc4kgel2rl0bduca4; XDEBUG_SESSION=12351',
  'accept-language' => 'zh-CN,zh;q=0.9',
  'accept-encoding' => 'gzip, deflate, br',
  'accept' => 'text/html,application/xhtml+xml,application/xml;q=0.9,image/webp,image/apng,*/*;q=0.8,application/signed-exchange;v=b3',
  'user-agent' => 'Mozilla/5.0 (Windows NT 10.0; Win64; x64) AppleWebKit/537.36 (KHTML, like Gecko) Chrome/73.0.3683.86 Safari/537.36',
  'upgrade-insecure-requests' => '1',
  'connection' => 'close',
  'host' => '127.0.0.1:8090',
)
[ info ] [ PARAM ] array (
  'name' => 'Yanagida fumita?XDEBUG_SESSION_START=12351',
)
[ info ] [ LANG ] E:\phpStudy\WWW\haiyounet\comic\public/../application/index\lang\zh-cn.php
[ info ] [ BEHAVIOR ] Run app\common\behavior\Common @module_init [ RunTime:0.001046s ]
[ info ] [ RUN ] app\index\controller\Classification->artist[ E:\phpStudy\WWW\haiyounet\comic\application\index\controller\Classification.php ]
[ info ] [ VIEW ] E:\phpStudy\WWW\haiyounet\comic\public/../application/index\view\classification\index.html [ array (
  0 => 'user',
  1 => 'image_prefix',
  2 => 'site',
  3 => 'config',
  4 => 'now',
  5 => 'page',
  6 => 'type',
  7 => 'artist',
) ]
[ info ] [ LOG ] INIT File
[ error ] [8]未定义变量: seo_config[E:\phpStudy\WWW\haiyounet\comic\runtime\temp\55ec1333afda4e5d322eea01a2971182.php:8]
[ error ] [8]未定义变量: seo_config[E:\phpStudy\WWW\haiyounet\comic\runtime\temp\55ec1333afda4e5d322eea01a2971182.php:9]
[ error ] [8]未定义变量: seo_config[E:\phpStudy\WWW\haiyounet\comic\runtime\temp\55ec1333afda4e5d322eea01a2971182.php:10]
[ error ] [8]未定义变量: classification_list[E:\phpStudy\WWW\haiyounet\comic\runtime\temp\55ec1333afda4e5d322eea01a2971182.php:189]
[ error ] [8]未定义变量: classification_list[E:\phpStudy\WWW\haiyounet\comic\runtime\temp\55ec1333afda4e5d322eea01a2971182.php:189]
[ error ] [8]未定义变量: classification_list[E:\phpStudy\WWW\haiyounet\comic\runtime\temp\55ec1333afda4e5d322eea01a2971182.php:189]
[ error ] [8]未定义变量: classification[E:\phpStudy\WWW\haiyounet\comic\runtime\temp\55ec1333afda4e5d322eea01a2971182.php:205]
[ error ] [8]未定义变量: state[E:\phpStudy\WWW\haiyounet\comic\runtime\temp\55ec1333afda4e5d322eea01a2971182.php:208]
[ error ] [8]未定义变量: classification_text[E:\phpStudy\WWW\haiyounet\comic\runtime\temp\55ec1333afda4e5d322eea01a2971182.php:213]
---------------------------------------------------------------
[ 2019-03-30T20:02:43+08:00 ] 127.0.0.1 GET /index/classification/searchartist?page=1&artist=Yanagida%20fumita%3FXDEBUG_SESSION_START%3D12351
[ info ] 127.0.0.1:8090/index/classification/searchartist?page=1&artist=Yanagida%20fumita%3FXDEBUG_SESSION_START%3D12351 [运行时间：2.504466s][吞吐率：0.40req/s] [内存消耗：3,183.15kb] [文件加载：67]
[ info ] [ BEHAVIOR ] Run Closure @app_init [ RunTime:0.000087s ]
[ info ] [ CACHE ] INIT File
[ info ] [ BEHAVIOR ] Run Closure @app_init [ RunTime:0.003669s ]
[ info ] [ LANG ] E:\phpStudy\WWW\haiyounet\comic\thinkphp\lang\zh-cn.php
[ info ] [ ROUTE ] array (
  'type' => 'module',
  'module' => 
  array (
    0 => 'index',
    1 => 'classification',
    2 => 'searchartist',
  ),
)
[ info ] [ HEADER ] array (
  'cookie' => '_ga=GA1.1.1686234317.1553678242; PHPSESSID=6ffpci9k4lc4kgel2rl0bduca4; XDEBUG_SESSION=12351',
  'accept-language' => 'zh-CN,zh;q=0.9',
  'accept-encoding' => 'gzip, deflate, br',
  'referer' => 'http://127.0.0.1:8090/index/classification/artist?name=Yanagida%20fumita?XDEBUG_SESSION_START=12351',
  'user-agent' => 'Mozilla/5.0 (Windows NT 10.0; Win64; x64) AppleWebKit/537.36 (KHTML, like Gecko) Chrome/73.0.3683.86 Safari/537.36',
  'x-requested-with' => 'XMLHttpRequest',
  'accept' => 'application/json, text/javascript, */*; q=0.01',
  'connection' => 'close',
  'host' => '127.0.0.1:8090',
)
[ info ] [ PARAM ] array (
  'page' => '1',
  'artist' => 'Yanagida fumita?XDEBUG_SESSION_START=12351',
)
[ info ] [ LANG ] E:\phpStudy\WWW\haiyounet\comic\public/../application/index\lang\zh-cn.php
[ info ] [ BEHAVIOR ] Run app\common\behavior\Common @module_init [ RunTime:0.000840s ]
[ info ] [ RUN ] app\index\controller\Classification->searchArtist[ E:\phpStudy\WWW\haiyounet\comic\application\index\controller\Classification.php ]
[ info ] [ DB ] INIT mysql
[ info ] [ LOG ] INIT File
---------------------------------------------------------------
[ 2019-03-30T20:04:47+08:00 ] 127.0.0.1 GET /index/classification/artist?name=Yanagida%20fumita?XDEBUG_SESSION_START=12351
[ info ] 127.0.0.1:8090/index/classification/artist?name=Yanagida%20fumita?XDEBUG_SESSION_START=12351 [运行时间：0.060451s][吞吐率：16.54req/s] [内存消耗：2,599.41kb] [文件加载：65]
[ info ] [ BEHAVIOR ] Run Closure @app_init [ RunTime:0.000093s ]
[ info ] [ CACHE ] INIT File
[ info ] [ BEHAVIOR ] Run Closure @app_init [ RunTime:0.004808s ]
[ info ] [ LANG ] E:\phpStudy\WWW\haiyounet\comic\thinkphp\lang\zh-cn.php
[ info ] [ ROUTE ] array (
  'type' => 'module',
  'module' => 
  array (
    0 => 'index',
    1 => 'classification',
    2 => 'artist',
  ),
)
[ info ] [ HEADER ] array (
  'cookie' => '_ga=GA1.1.1686234317.1553678242; PHPSESSID=6ffpci9k4lc4kgel2rl0bduca4; XDEBUG_SESSION=12351',
  'accept-language' => 'zh-CN,zh;q=0.9',
  'accept-encoding' => 'gzip, deflate, br',
  'accept' => 'text/html,application/xhtml+xml,application/xml;q=0.9,image/webp,image/apng,*/*;q=0.8,application/signed-exchange;v=b3',
  'user-agent' => 'Mozilla/5.0 (Windows NT 10.0; Win64; x64) AppleWebKit/537.36 (KHTML, like Gecko) Chrome/73.0.3683.86 Safari/537.36',
  'upgrade-insecure-requests' => '1',
  'cache-control' => 'max-age=0',
  'connection' => 'close',
  'host' => '127.0.0.1:8090',
)
[ info ] [ PARAM ] array (
  'name' => 'Yanagida fumita?XDEBUG_SESSION_START=12351',
)
[ info ] [ LANG ] E:\phpStudy\WWW\haiyounet\comic\public/../application/index\lang\zh-cn.php
[ info ] [ BEHAVIOR ] Run app\common\behavior\Common @module_init [ RunTime:0.001092s ]
[ info ] [ RUN ] app\index\controller\Classification->artist[ E:\phpStudy\WWW\haiyounet\comic\application\index\controller\Classification.php ]
[ info ] [ VIEW ] E:\phpStudy\WWW\haiyounet\comic\public/../application/index\view\classification\index.html [ array (
  0 => 'user',
  1 => 'image_prefix',
  2 => 'site',
  3 => 'config',
  4 => 'now',
  5 => 'page',
  6 => 'type',
  7 => 'artist',
) ]
[ info ] [ LOG ] INIT File
[ error ] [8]未定义变量: seo_config[E:\phpStudy\WWW\haiyounet\comic\runtime\temp\55ec1333afda4e5d322eea01a2971182.php:8]
[ error ] [8]未定义变量: seo_config[E:\phpStudy\WWW\haiyounet\comic\runtime\temp\55ec1333afda4e5d322eea01a2971182.php:9]
[ error ] [8]未定义变量: seo_config[E:\phpStudy\WWW\haiyounet\comic\runtime\temp\55ec1333afda4e5d322eea01a2971182.php:10]
[ error ] [8]未定义变量: classification_list[E:\phpStudy\WWW\haiyounet\comic\runtime\temp\55ec1333afda4e5d322eea01a2971182.php:189]
[ error ] [8]未定义变量: classification_list[E:\phpStudy\WWW\haiyounet\comic\runtime\temp\55ec1333afda4e5d322eea01a2971182.php:189]
[ error ] [8]未定义变量: classification_list[E:\phpStudy\WWW\haiyounet\comic\runtime\temp\55ec1333afda4e5d322eea01a2971182.php:189]
[ error ] [8]未定义变量: classification[E:\phpStudy\WWW\haiyounet\comic\runtime\temp\55ec1333afda4e5d322eea01a2971182.php:205]
[ error ] [8]未定义变量: state[E:\phpStudy\WWW\haiyounet\comic\runtime\temp\55ec1333afda4e5d322eea01a2971182.php:208]
[ error ] [8]未定义变量: classification_text[E:\phpStudy\WWW\haiyounet\comic\runtime\temp\55ec1333afda4e5d322eea01a2971182.php:213]
---------------------------------------------------------------
[ 2019-03-30T20:04:49+08:00 ] 127.0.0.1 GET /index/classification/searchartist?page=1&artist=Yanagida%20fumita%3FXDEBUG_SESSION_START%3D12351
[ info ] 127.0.0.1:8090/index/classification/searchartist?page=1&artist=Yanagida%20fumita%3FXDEBUG_SESSION_START%3D12351 [运行时间：2.433705s][吞吐率：0.41req/s] [内存消耗：3,183.15kb] [文件加载：67]
[ info ] [ BEHAVIOR ] Run Closure @app_init [ RunTime:0.000119s ]
[ info ] [ CACHE ] INIT File
[ info ] [ BEHAVIOR ] Run Closure @app_init [ RunTime:0.003979s ]
[ info ] [ LANG ] E:\phpStudy\WWW\haiyounet\comic\thinkphp\lang\zh-cn.php
[ info ] [ ROUTE ] array (
  'type' => 'module',
  'module' => 
  array (
    0 => 'index',
    1 => 'classification',
    2 => 'searchartist',
  ),
)
[ info ] [ HEADER ] array (
  'cookie' => '_ga=GA1.1.1686234317.1553678242; PHPSESSID=6ffpci9k4lc4kgel2rl0bduca4; XDEBUG_SESSION=12351',
  'accept-language' => 'zh-CN,zh;q=0.9',
  'accept-encoding' => 'gzip, deflate, br',
  'referer' => 'http://127.0.0.1:8090/index/classification/artist?name=Yanagida%20fumita?XDEBUG_SESSION_START=12351',
  'user-agent' => 'Mozilla/5.0 (Windows NT 10.0; Win64; x64) AppleWebKit/537.36 (KHTML, like Gecko) Chrome/73.0.3683.86 Safari/537.36',
  'x-requested-with' => 'XMLHttpRequest',
  'accept' => 'application/json, text/javascript, */*; q=0.01',
  'connection' => 'close',
  'host' => '127.0.0.1:8090',
)
[ info ] [ PARAM ] array (
  'page' => '1',
  'artist' => 'Yanagida fumita?XDEBUG_SESSION_START=12351',
)
[ info ] [ LANG ] E:\phpStudy\WWW\haiyounet\comic\public/../application/index\lang\zh-cn.php
[ info ] [ BEHAVIOR ] Run app\common\behavior\Common @module_init [ RunTime:0.000975s ]
[ info ] [ RUN ] app\index\controller\Classification->searchArtist[ E:\phpStudy\WWW\haiyounet\comic\application\index\controller\Classification.php ]
[ info ] [ DB ] INIT mysql
[ info ] [ LOG ] INIT File
---------------------------------------------------------------
[ 2019-03-30T20:05:11+08:00 ] 127.0.0.1 GET /index/classification/artist?name=Yanagida%20fumita?XDEBUG_SESSION_START=12351
[ info ] 127.0.0.1:8090/index/classification/artist?name=Yanagida%20fumita?XDEBUG_SESSION_START=12351 [运行时间：0.058073s][吞吐率：17.22req/s] [内存消耗：2,599.41kb] [文件加载：65]
[ info ] [ BEHAVIOR ] Run Closure @app_init [ RunTime:0.000076s ]
[ info ] [ CACHE ] INIT File
[ info ] [ BEHAVIOR ] Run Closure @app_init [ RunTime:0.003646s ]
[ info ] [ LANG ] E:\phpStudy\WWW\haiyounet\comic\thinkphp\lang\zh-cn.php
[ info ] [ ROUTE ] array (
  'type' => 'module',
  'module' => 
  array (
    0 => 'index',
    1 => 'classification',
    2 => 'artist',
  ),
)
[ info ] [ HEADER ] array (
  'cookie' => '_ga=GA1.1.1686234317.1553678242; PHPSESSID=6ffpci9k4lc4kgel2rl0bduca4; XDEBUG_SESSION=12351',
  'accept-language' => 'zh-CN,zh;q=0.9',
  'accept-encoding' => 'gzip, deflate, br',
  'accept' => 'text/html,application/xhtml+xml,application/xml;q=0.9,image/webp,image/apng,*/*;q=0.8,application/signed-exchange;v=b3',
  'user-agent' => 'Mozilla/5.0 (Windows NT 10.0; Win64; x64) AppleWebKit/537.36 (KHTML, like Gecko) Chrome/73.0.3683.86 Safari/537.36',
  'upgrade-insecure-requests' => '1',
  'cache-control' => 'max-age=0',
  'connection' => 'close',
  'host' => '127.0.0.1:8090',
)
[ info ] [ PARAM ] array (
  'name' => 'Yanagida fumita?XDEBUG_SESSION_START=12351',
)
[ info ] [ LANG ] E:\phpStudy\WWW\haiyounet\comic\public/../application/index\lang\zh-cn.php
[ info ] [ BEHAVIOR ] Run app\common\behavior\Common @module_init [ RunTime:0.000976s ]
[ info ] [ RUN ] app\index\controller\Classification->artist[ E:\phpStudy\WWW\haiyounet\comic\application\index\controller\Classification.php ]
[ info ] [ VIEW ] E:\phpStudy\WWW\haiyounet\comic\public/../application/index\view\classification\index.html [ array (
  0 => 'user',
  1 => 'image_prefix',
  2 => 'site',
  3 => 'config',
  4 => 'now',
  5 => 'page',
  6 => 'type',
  7 => 'artist',
) ]
[ info ] [ LOG ] INIT File
[ error ] [8]未定义变量: seo_config[E:\phpStudy\WWW\haiyounet\comic\runtime\temp\55ec1333afda4e5d322eea01a2971182.php:8]
[ error ] [8]未定义变量: seo_config[E:\phpStudy\WWW\haiyounet\comic\runtime\temp\55ec1333afda4e5d322eea01a2971182.php:9]
[ error ] [8]未定义变量: seo_config[E:\phpStudy\WWW\haiyounet\comic\runtime\temp\55ec1333afda4e5d322eea01a2971182.php:10]
[ error ] [8]未定义变量: classification_list[E:\phpStudy\WWW\haiyounet\comic\runtime\temp\55ec1333afda4e5d322eea01a2971182.php:189]
[ error ] [8]未定义变量: classification_list[E:\phpStudy\WWW\haiyounet\comic\runtime\temp\55ec1333afda4e5d322eea01a2971182.php:189]
[ error ] [8]未定义变量: classification_list[E:\phpStudy\WWW\haiyounet\comic\runtime\temp\55ec1333afda4e5d322eea01a2971182.php:189]
[ error ] [8]未定义变量: classification[E:\phpStudy\WWW\haiyounet\comic\runtime\temp\55ec1333afda4e5d322eea01a2971182.php:205]
[ error ] [8]未定义变量: state[E:\phpStudy\WWW\haiyounet\comic\runtime\temp\55ec1333afda4e5d322eea01a2971182.php:208]
[ error ] [8]未定义变量: classification_text[E:\phpStudy\WWW\haiyounet\comic\runtime\temp\55ec1333afda4e5d322eea01a2971182.php:213]
---------------------------------------------------------------
[ 2019-03-30T20:05:50+08:00 ] 127.0.0.1 GET /index/classification/searchartist?page=1&artist=Yanagida%20fumita%3FXDEBUG_SESSION_START%3D12351
[ info ] 127.0.0.1:8090/index/classification/searchartist?page=1&artist=Yanagida%20fumita%3FXDEBUG_SESSION_START%3D12351 [运行时间：38.787580s][吞吐率：0.03req/s] [内存消耗：3,187.17kb] [文件加载：67]
[ info ] [ BEHAVIOR ] Run Closure @app_init [ RunTime:0.000075s ]
[ info ] [ CACHE ] INIT File
[ info ] [ BEHAVIOR ] Run Closure @app_init [ RunTime:0.004278s ]
[ info ] [ LANG ] E:\phpStudy\WWW\haiyounet\comic\thinkphp\lang\zh-cn.php
[ info ] [ ROUTE ] array (
  'type' => 'module',
  'module' => 
  array (
    0 => 'index',
    1 => 'classification',
    2 => 'searchartist',
  ),
)
[ info ] [ HEADER ] array (
  'cookie' => '_ga=GA1.1.1686234317.1553678242; PHPSESSID=6ffpci9k4lc4kgel2rl0bduca4; XDEBUG_SESSION=12351',
  'accept-language' => 'zh-CN,zh;q=0.9',
  'accept-encoding' => 'gzip, deflate, br',
  'referer' => 'http://127.0.0.1:8090/index/classification/artist?name=Yanagida%20fumita?XDEBUG_SESSION_START=12351',
  'user-agent' => 'Mozilla/5.0 (Windows NT 10.0; Win64; x64) AppleWebKit/537.36 (KHTML, like Gecko) Chrome/73.0.3683.86 Safari/537.36',
  'x-requested-with' => 'XMLHttpRequest',
  'accept' => 'application/json, text/javascript, */*; q=0.01',
  'connection' => 'close',
  'host' => '127.0.0.1:8090',
)
[ info ] [ PARAM ] array (
  'page' => '1',
  'artist' => 'Yanagida fumita?XDEBUG_SESSION_START=12351',
)
[ info ] [ LANG ] E:\phpStudy\WWW\haiyounet\comic\public/../application/index\lang\zh-cn.php
[ info ] [ BEHAVIOR ] Run app\common\behavior\Common @module_init [ RunTime:0.000845s ]
[ info ] [ RUN ] app\index\controller\Classification->searchArtist[ E:\phpStudy\WWW\haiyounet\comic\application\index\controller\Classification.php ]
[ info ] [ DB ] INIT mysql
[ info ] [ LOG ] INIT File
---------------------------------------------------------------
[ 2019-03-30T20:05:52+08:00 ] 127.0.0.1 GET /index/classification/artist?name=Yanagida%20fumita?XDEBUG_SESSION_START=12351
[ info ] 127.0.0.1:8090/index/classification/artist?name=Yanagida%20fumita?XDEBUG_SESSION_START=12351 [运行时间：0.052469s][吞吐率：19.06req/s] [内存消耗：2,599.41kb] [文件加载：65]
[ info ] [ BEHAVIOR ] Run Closure @app_init [ RunTime:0.000081s ]
[ info ] [ CACHE ] INIT File
[ info ] [ BEHAVIOR ] Run Closure @app_init [ RunTime:0.003284s ]
[ info ] [ LANG ] E:\phpStudy\WWW\haiyounet\comic\thinkphp\lang\zh-cn.php
[ info ] [ ROUTE ] array (
  'type' => 'module',
  'module' => 
  array (
    0 => 'index',
    1 => 'classification',
    2 => 'artist',
  ),
)
[ info ] [ HEADER ] array (
  'cookie' => '_ga=GA1.1.1686234317.1553678242; PHPSESSID=6ffpci9k4lc4kgel2rl0bduca4; XDEBUG_SESSION=12351',
  'accept-language' => 'zh-CN,zh;q=0.9',
  'accept-encoding' => 'gzip, deflate, br',
  'accept' => 'text/html,application/xhtml+xml,application/xml;q=0.9,image/webp,image/apng,*/*;q=0.8,application/signed-exchange;v=b3',
  'user-agent' => 'Mozilla/5.0 (Windows NT 10.0; Win64; x64) AppleWebKit/537.36 (KHTML, like Gecko) Chrome/73.0.3683.86 Safari/537.36',
  'upgrade-insecure-requests' => '1',
  'cache-control' => 'max-age=0',
  'connection' => 'close',
  'host' => '127.0.0.1:8090',
)
[ info ] [ PARAM ] array (
  'name' => 'Yanagida fumita?XDEBUG_SESSION_START=12351',
)
[ info ] [ LANG ] E:\phpStudy\WWW\haiyounet\comic\public/../application/index\lang\zh-cn.php
[ info ] [ BEHAVIOR ] Run app\common\behavior\Common @module_init [ RunTime:0.000843s ]
[ info ] [ RUN ] app\index\controller\Classification->artist[ E:\phpStudy\WWW\haiyounet\comic\application\index\controller\Classification.php ]
[ info ] [ VIEW ] E:\phpStudy\WWW\haiyounet\comic\public/../application/index\view\classification\index.html [ array (
  0 => 'user',
  1 => 'image_prefix',
  2 => 'site',
  3 => 'config',
  4 => 'now',
  5 => 'page',
  6 => 'type',
  7 => 'artist',
) ]
[ info ] [ LOG ] INIT File
[ error ] [8]未定义变量: seo_config[E:\phpStudy\WWW\haiyounet\comic\runtime\temp\55ec1333afda4e5d322eea01a2971182.php:8]
[ error ] [8]未定义变量: seo_config[E:\phpStudy\WWW\haiyounet\comic\runtime\temp\55ec1333afda4e5d322eea01a2971182.php:9]
[ error ] [8]未定义变量: seo_config[E:\phpStudy\WWW\haiyounet\comic\runtime\temp\55ec1333afda4e5d322eea01a2971182.php:10]
[ error ] [8]未定义变量: classification_list[E:\phpStudy\WWW\haiyounet\comic\runtime\temp\55ec1333afda4e5d322eea01a2971182.php:189]
[ error ] [8]未定义变量: classification_list[E:\phpStudy\WWW\haiyounet\comic\runtime\temp\55ec1333afda4e5d322eea01a2971182.php:189]
[ error ] [8]未定义变量: classification_list[E:\phpStudy\WWW\haiyounet\comic\runtime\temp\55ec1333afda4e5d322eea01a2971182.php:189]
[ error ] [8]未定义变量: classification[E:\phpStudy\WWW\haiyounet\comic\runtime\temp\55ec1333afda4e5d322eea01a2971182.php:205]
[ error ] [8]未定义变量: state[E:\phpStudy\WWW\haiyounet\comic\runtime\temp\55ec1333afda4e5d322eea01a2971182.php:208]
[ error ] [8]未定义变量: classification_text[E:\phpStudy\WWW\haiyounet\comic\runtime\temp\55ec1333afda4e5d322eea01a2971182.php:213]
---------------------------------------------------------------
[ 2019-03-30T20:06:23+08:00 ] 127.0.0.1 GET /index/classification/searchartist?page=1&artist=Yanagida%20fumita%3FXDEBUG_SESSION_START%3D12351
[ info ] 127.0.0.1:8090/index/classification/searchartist?page=1&artist=Yanagida%20fumita%3FXDEBUG_SESSION_START%3D12351 [运行时间：30.454704s][吞吐率：0.03req/s] [内存消耗：3,187.15kb] [文件加载：67]
[ info ] [ BEHAVIOR ] Run Closure @app_init [ RunTime:0.000087s ]
[ info ] [ CACHE ] INIT File
[ info ] [ BEHAVIOR ] Run Closure @app_init [ RunTime:0.003255s ]
[ info ] [ LANG ] E:\phpStudy\WWW\haiyounet\comic\thinkphp\lang\zh-cn.php
[ info ] [ ROUTE ] array (
  'type' => 'module',
  'module' => 
  array (
    0 => 'index',
    1 => 'classification',
    2 => 'searchartist',
  ),
)
[ info ] [ HEADER ] array (
  'cookie' => '_ga=GA1.1.1686234317.1553678242; PHPSESSID=6ffpci9k4lc4kgel2rl0bduca4; XDEBUG_SESSION=12351',
  'accept-language' => 'zh-CN,zh;q=0.9',
  'accept-encoding' => 'gzip, deflate, br',
  'referer' => 'http://127.0.0.1:8090/index/classification/artist?name=Yanagida%20fumita?XDEBUG_SESSION_START=12351',
  'user-agent' => 'Mozilla/5.0 (Windows NT 10.0; Win64; x64) AppleWebKit/537.36 (KHTML, like Gecko) Chrome/73.0.3683.86 Safari/537.36',
  'x-requested-with' => 'XMLHttpRequest',
  'accept' => 'application/json, text/javascript, */*; q=0.01',
  'connection' => 'close',
  'host' => '127.0.0.1:8090',
)
[ info ] [ PARAM ] array (
  'page' => '1',
  'artist' => 'Yanagida fumita?XDEBUG_SESSION_START=12351',
)
[ info ] [ LANG ] E:\phpStudy\WWW\haiyounet\comic\public/../application/index\lang\zh-cn.php
[ info ] [ BEHAVIOR ] Run app\common\behavior\Common @module_init [ RunTime:0.001047s ]
[ info ] [ RUN ] app\index\controller\Classification->searchArtist[ E:\phpStudy\WWW\haiyounet\comic\application\index\controller\Classification.php ]
[ info ] [ DB ] INIT mysql
[ info ] [ LOG ] INIT File
---------------------------------------------------------------
[ 2019-03-30T20:06:26+08:00 ] 127.0.0.1 GET /index/classification/artist?name=Yanagida%20fumita&XDEBUG_SESSION_START=12351
[ info ] 127.0.0.1:8090/index/classification/artist?name=Yanagida%20fumita&XDEBUG_SESSION_START=12351 [运行时间：0.050011s][吞吐率：20.00req/s] [内存消耗：2,599.23kb] [文件加载：65]
[ info ] [ BEHAVIOR ] Run Closure @app_init [ RunTime:0.000080s ]
[ info ] [ CACHE ] INIT File
[ info ] [ BEHAVIOR ] Run Closure @app_init [ RunTime:0.003146s ]
[ info ] [ LANG ] E:\phpStudy\WWW\haiyounet\comic\thinkphp\lang\zh-cn.php
[ info ] [ ROUTE ] array (
  'type' => 'module',
  'module' => 
  array (
    0 => 'index',
    1 => 'classification',
    2 => 'artist',
  ),
)
[ info ] [ HEADER ] array (
  'cookie' => '_ga=GA1.1.1686234317.1553678242; PHPSESSID=6ffpci9k4lc4kgel2rl0bduca4; XDEBUG_SESSION=12351',
  'accept-language' => 'zh-CN,zh;q=0.9',
  'accept-encoding' => 'gzip, deflate, br',
  'accept' => 'text/html,application/xhtml+xml,application/xml;q=0.9,image/webp,image/apng,*/*;q=0.8,application/signed-exchange;v=b3',
  'user-agent' => 'Mozilla/5.0 (Windows NT 10.0; Win64; x64) AppleWebKit/537.36 (KHTML, like Gecko) Chrome/73.0.3683.86 Safari/537.36',
  'upgrade-insecure-requests' => '1',
  'connection' => 'close',
  'host' => '127.0.0.1:8090',
)
[ info ] [ PARAM ] array (
  'name' => 'Yanagida fumita',
  'XDEBUG_SESSION_START' => '12351',
)
[ info ] [ LANG ] E:\phpStudy\WWW\haiyounet\comic\public/../application/index\lang\zh-cn.php
[ info ] [ BEHAVIOR ] Run app\common\behavior\Common @module_init [ RunTime:0.000815s ]
[ info ] [ RUN ] app\index\controller\Classification->artist[ E:\phpStudy\WWW\haiyounet\comic\application\index\controller\Classification.php ]
[ info ] [ VIEW ] E:\phpStudy\WWW\haiyounet\comic\public/../application/index\view\classification\index.html [ array (
  0 => 'user',
  1 => 'image_prefix',
  2 => 'site',
  3 => 'config',
  4 => 'now',
  5 => 'page',
  6 => 'type',
  7 => 'artist',
) ]
[ info ] [ LOG ] INIT File
[ error ] [8]未定义变量: seo_config[E:\phpStudy\WWW\haiyounet\comic\runtime\temp\55ec1333afda4e5d322eea01a2971182.php:8]
[ error ] [8]未定义变量: seo_config[E:\phpStudy\WWW\haiyounet\comic\runtime\temp\55ec1333afda4e5d322eea01a2971182.php:9]
[ error ] [8]未定义变量: seo_config[E:\phpStudy\WWW\haiyounet\comic\runtime\temp\55ec1333afda4e5d322eea01a2971182.php:10]
[ error ] [8]未定义变量: classification_list[E:\phpStudy\WWW\haiyounet\comic\runtime\temp\55ec1333afda4e5d322eea01a2971182.php:189]
[ error ] [8]未定义变量: classification_list[E:\phpStudy\WWW\haiyounet\comic\runtime\temp\55ec1333afda4e5d322eea01a2971182.php:189]
[ error ] [8]未定义变量: classification_list[E:\phpStudy\WWW\haiyounet\comic\runtime\temp\55ec1333afda4e5d322eea01a2971182.php:189]
[ error ] [8]未定义变量: classification[E:\phpStudy\WWW\haiyounet\comic\runtime\temp\55ec1333afda4e5d322eea01a2971182.php:205]
[ error ] [8]未定义变量: state[E:\phpStudy\WWW\haiyounet\comic\runtime\temp\55ec1333afda4e5d322eea01a2971182.php:208]
[ error ] [8]未定义变量: classification_text[E:\phpStudy\WWW\haiyounet\comic\runtime\temp\55ec1333afda4e5d322eea01a2971182.php:213]
---------------------------------------------------------------
[ 2019-03-30T20:06:40+08:00 ] 127.0.0.1 GET /index/classification/searchartist?page=1&artist=Yanagida%20fumita
[ info ] 127.0.0.1:8090/index/classification/searchartist?page=1&artist=Yanagida%20fumita [运行时间：13.262968s][吞吐率：0.08req/s] [内存消耗：3,226.09kb] [文件加载：70]
[ info ] [ BEHAVIOR ] Run Closure @app_init [ RunTime:0.000081s ]
[ info ] [ CACHE ] INIT File
[ info ] [ BEHAVIOR ] Run Closure @app_init [ RunTime:0.003102s ]
[ info ] [ LANG ] E:\phpStudy\WWW\haiyounet\comic\thinkphp\lang\zh-cn.php
[ info ] [ ROUTE ] array (
  'type' => 'module',
  'module' => 
  array (
    0 => 'index',
    1 => 'classification',
    2 => 'searchartist',
  ),
)
[ info ] [ HEADER ] array (
  'cookie' => '_ga=GA1.1.1686234317.1553678242; PHPSESSID=6ffpci9k4lc4kgel2rl0bduca4; XDEBUG_SESSION=12351',
  'accept-language' => 'zh-CN,zh;q=0.9',
  'accept-encoding' => 'gzip, deflate, br',
  'referer' => 'http://127.0.0.1:8090/index/classification/artist?name=Yanagida%20fumita&XDEBUG_SESSION_START=12351',
  'user-agent' => 'Mozilla/5.0 (Windows NT 10.0; Win64; x64) AppleWebKit/537.36 (KHTML, like Gecko) Chrome/73.0.3683.86 Safari/537.36',
  'x-requested-with' => 'XMLHttpRequest',
  'accept' => 'application/json, text/javascript, */*; q=0.01',
  'connection' => 'close',
  'host' => '127.0.0.1:8090',
)
[ info ] [ PARAM ] array (
  'page' => '1',
  'artist' => 'Yanagida fumita',
)
[ info ] [ LANG ] E:\phpStudy\WWW\haiyounet\comic\public/../application/index\lang\zh-cn.php
[ info ] [ BEHAVIOR ] Run app\common\behavior\Common @module_init [ RunTime:0.000832s ]
[ info ] [ RUN ] app\index\controller\Classification->searchArtist[ E:\phpStudy\WWW\haiyounet\comic\application\index\controller\Classification.php ]
[ info ] [ DB ] INIT mysql
[ info ] [ LOG ] INIT File
[ error ] [2]Invalid argument supplied for foreach()[E:\phpStudy\WWW\haiyounet\comic\application\index\controller\Classification.php:134]
---------------------------------------------------------------
[ 2019-03-30T20:07:05+08:00 ] 127.0.0.1 GET /index/classification/artist?name=Yanagida%20fumita&XDEBUG_SESSION_START=12351
[ info ] 127.0.0.1:8090/index/classification/artist?name=Yanagida%20fumita&XDEBUG_SESSION_START=12351 [运行时间：0.068341s][吞吐率：14.63req/s] [内存消耗：2,599.51kb] [文件加载：65]
[ info ] [ BEHAVIOR ] Run Closure @app_init [ RunTime:0.000335s ]
[ info ] [ CACHE ] INIT File
[ info ] [ BEHAVIOR ] Run Closure @app_init [ RunTime:0.004170s ]
[ info ] [ LANG ] E:\phpStudy\WWW\haiyounet\comic\thinkphp\lang\zh-cn.php
[ info ] [ ROUTE ] array (
  'type' => 'module',
  'module' => 
  array (
    0 => 'index',
    1 => 'classification',
    2 => 'artist',
  ),
)
[ info ] [ HEADER ] array (
  'cookie' => '_ga=GA1.1.1686234317.1553678242; PHPSESSID=6ffpci9k4lc4kgel2rl0bduca4; XDEBUG_SESSION=12351',
  'accept-language' => 'zh-CN,zh;q=0.9',
  'accept-encoding' => 'gzip, deflate, br',
  'accept' => 'text/html,application/xhtml+xml,application/xml;q=0.9,image/webp,image/apng,*/*;q=0.8,application/signed-exchange;v=b3',
  'user-agent' => 'Mozilla/5.0 (Windows NT 10.0; Win64; x64) AppleWebKit/537.36 (KHTML, like Gecko) Chrome/73.0.3683.86 Safari/537.36',
  'upgrade-insecure-requests' => '1',
  'cache-control' => 'max-age=0',
  'connection' => 'close',
  'host' => '127.0.0.1:8090',
)
[ info ] [ PARAM ] array (
  'name' => 'Yanagida fumita',
  'XDEBUG_SESSION_START' => '12351',
)
[ info ] [ LANG ] E:\phpStudy\WWW\haiyounet\comic\public/../application/index\lang\zh-cn.php
[ info ] [ BEHAVIOR ] Run app\common\behavior\Common @module_init [ RunTime:0.001433s ]
[ info ] [ RUN ] app\index\controller\Classification->artist[ E:\phpStudy\WWW\haiyounet\comic\application\index\controller\Classification.php ]
[ info ] [ VIEW ] E:\phpStudy\WWW\haiyounet\comic\public/../application/index\view\classification\index.html [ array (
  0 => 'user',
  1 => 'image_prefix',
  2 => 'site',
  3 => 'config',
  4 => 'now',
  5 => 'page',
  6 => 'type',
  7 => 'artist',
) ]
[ info ] [ LOG ] INIT File
[ error ] [8]未定义变量: seo_config[E:\phpStudy\WWW\haiyounet\comic\runtime\temp\55ec1333afda4e5d322eea01a2971182.php:8]
[ error ] [8]未定义变量: seo_config[E:\phpStudy\WWW\haiyounet\comic\runtime\temp\55ec1333afda4e5d322eea01a2971182.php:9]
[ error ] [8]未定义变量: seo_config[E:\phpStudy\WWW\haiyounet\comic\runtime\temp\55ec1333afda4e5d322eea01a2971182.php:10]
[ error ] [8]未定义变量: classification_list[E:\phpStudy\WWW\haiyounet\comic\runtime\temp\55ec1333afda4e5d322eea01a2971182.php:189]
[ error ] [8]未定义变量: classification_list[E:\phpStudy\WWW\haiyounet\comic\runtime\temp\55ec1333afda4e5d322eea01a2971182.php:189]
[ error ] [8]未定义变量: classification_list[E:\phpStudy\WWW\haiyounet\comic\runtime\temp\55ec1333afda4e5d322eea01a2971182.php:189]
[ error ] [8]未定义变量: classification[E:\phpStudy\WWW\haiyounet\comic\runtime\temp\55ec1333afda4e5d322eea01a2971182.php:205]
[ error ] [8]未定义变量: state[E:\phpStudy\WWW\haiyounet\comic\runtime\temp\55ec1333afda4e5d322eea01a2971182.php:208]
[ error ] [8]未定义变量: classification_text[E:\phpStudy\WWW\haiyounet\comic\runtime\temp\55ec1333afda4e5d322eea01a2971182.php:213]
---------------------------------------------------------------
[ 2019-03-30T20:07:14+08:00 ] 127.0.0.1 GET /index/classification/searchartist?page=1&artist=Yanagida%20fumita
[ info ] 127.0.0.1:8090/index/classification/searchartist?page=1&artist=Yanagida%20fumita [运行时间：8.295160s][吞吐率：0.12req/s] [内存消耗：3,192.45kb] [文件加载：67]
[ info ] [ BEHAVIOR ] Run Closure @app_init [ RunTime:0.000083s ]
[ info ] [ CACHE ] INIT File
[ info ] [ BEHAVIOR ] Run Closure @app_init [ RunTime:0.003179s ]
[ info ] [ LANG ] E:\phpStudy\WWW\haiyounet\comic\thinkphp\lang\zh-cn.php
[ info ] [ ROUTE ] array (
  'type' => 'module',
  'module' => 
  array (
    0 => 'index',
    1 => 'classification',
    2 => 'searchartist',
  ),
)
[ info ] [ HEADER ] array (
  'cookie' => '_ga=GA1.1.1686234317.1553678242; PHPSESSID=6ffpci9k4lc4kgel2rl0bduca4; XDEBUG_SESSION=12351',
  'accept-language' => 'zh-CN,zh;q=0.9',
  'accept-encoding' => 'gzip, deflate, br',
  'referer' => 'http://127.0.0.1:8090/index/classification/artist?name=Yanagida%20fumita&XDEBUG_SESSION_START=12351',
  'user-agent' => 'Mozilla/5.0 (Windows NT 10.0; Win64; x64) AppleWebKit/537.36 (KHTML, like Gecko) Chrome/73.0.3683.86 Safari/537.36',
  'x-requested-with' => 'XMLHttpRequest',
  'accept' => 'application/json, text/javascript, */*; q=0.01',
  'connection' => 'close',
  'host' => '127.0.0.1:8090',
)
[ info ] [ PARAM ] array (
  'page' => '1',
  'artist' => 'Yanagida fumita',
)
[ info ] [ LANG ] E:\phpStudy\WWW\haiyounet\comic\public/../application/index\lang\zh-cn.php
[ info ] [ BEHAVIOR ] Run app\common\behavior\Common @module_init [ RunTime:0.000832s ]
[ info ] [ RUN ] app\index\controller\Classification->searchArtist[ E:\phpStudy\WWW\haiyounet\comic\application\index\controller\Classification.php ]
[ info ] [ DB ] INIT mysql
[ info ] [ LOG ] INIT File
---------------------------------------------------------------
[ 2019-03-30T20:18:46+08:00 ] 127.0.0.1 GET /index/classification/artist?name=Yanagida%20fumita&XDEBUG_SESSION_START=12351
[ info ] 127.0.0.1:8090/index/classification/artist?name=Yanagida%20fumita&XDEBUG_SESSION_START=12351 [运行时间：0.077799s][吞吐率：12.85req/s] [内存消耗：2,599.51kb] [文件加载：65]
[ info ] [ BEHAVIOR ] Run Closure @app_init [ RunTime:0.000299s ]
[ info ] [ CACHE ] INIT File
[ info ] [ BEHAVIOR ] Run Closure @app_init [ RunTime:0.004858s ]
[ info ] [ LANG ] E:\phpStudy\WWW\haiyounet\comic\thinkphp\lang\zh-cn.php
[ info ] [ ROUTE ] array (
  'type' => 'module',
  'module' => 
  array (
    0 => 'index',
    1 => 'classification',
    2 => 'artist',
  ),
)
[ info ] [ HEADER ] array (
  'cookie' => '_ga=GA1.1.1686234317.1553678242; PHPSESSID=6ffpci9k4lc4kgel2rl0bduca4; XDEBUG_SESSION=12351',
  'accept-language' => 'zh-CN,zh;q=0.9',
  'accept-encoding' => 'gzip, deflate, br',
  'accept' => 'text/html,application/xhtml+xml,application/xml;q=0.9,image/webp,image/apng,*/*;q=0.8,application/signed-exchange;v=b3',
  'user-agent' => 'Mozilla/5.0 (Windows NT 10.0; Win64; x64) AppleWebKit/537.36 (KHTML, like Gecko) Chrome/73.0.3683.86 Safari/537.36',
  'upgrade-insecure-requests' => '1',
  'cache-control' => 'max-age=0',
  'connection' => 'close',
  'host' => '127.0.0.1:8090',
)
[ info ] [ PARAM ] array (
  'name' => 'Yanagida fumita',
  'XDEBUG_SESSION_START' => '12351',
)
[ info ] [ LANG ] E:\phpStudy\WWW\haiyounet\comic\public/../application/index\lang\zh-cn.php
[ info ] [ BEHAVIOR ] Run app\common\behavior\Common @module_init [ RunTime:0.001204s ]
[ info ] [ RUN ] app\index\controller\Classification->artist[ E:\phpStudy\WWW\haiyounet\comic\application\index\controller\Classification.php ]
[ info ] [ VIEW ] E:\phpStudy\WWW\haiyounet\comic\public/../application/index\view\classification\index.html [ array (
  0 => 'user',
  1 => 'image_prefix',
  2 => 'site',
  3 => 'config',
  4 => 'now',
  5 => 'page',
  6 => 'type',
  7 => 'artist',
) ]
[ info ] [ LOG ] INIT File
[ error ] [8]未定义变量: seo_config[E:\phpStudy\WWW\haiyounet\comic\runtime\temp\55ec1333afda4e5d322eea01a2971182.php:8]
[ error ] [8]未定义变量: seo_config[E:\phpStudy\WWW\haiyounet\comic\runtime\temp\55ec1333afda4e5d322eea01a2971182.php:9]
[ error ] [8]未定义变量: seo_config[E:\phpStudy\WWW\haiyounet\comic\runtime\temp\55ec1333afda4e5d322eea01a2971182.php:10]
[ error ] [8]未定义变量: classification_list[E:\phpStudy\WWW\haiyounet\comic\runtime\temp\55ec1333afda4e5d322eea01a2971182.php:189]
[ error ] [8]未定义变量: classification_list[E:\phpStudy\WWW\haiyounet\comic\runtime\temp\55ec1333afda4e5d322eea01a2971182.php:189]
[ error ] [8]未定义变量: classification_list[E:\phpStudy\WWW\haiyounet\comic\runtime\temp\55ec1333afda4e5d322eea01a2971182.php:189]
[ error ] [8]未定义变量: classification[E:\phpStudy\WWW\haiyounet\comic\runtime\temp\55ec1333afda4e5d322eea01a2971182.php:205]
[ error ] [8]未定义变量: state[E:\phpStudy\WWW\haiyounet\comic\runtime\temp\55ec1333afda4e5d322eea01a2971182.php:208]
[ error ] [8]未定义变量: classification_text[E:\phpStudy\WWW\haiyounet\comic\runtime\temp\55ec1333afda4e5d322eea01a2971182.php:213]
---------------------------------------------------------------
[ 2019-03-30T20:18:53+08:00 ] 127.0.0.1 GET /index/classification/searchartist?page=1&artist=Yanagida%20fumita
[ info ] 127.0.0.1:8090/index/classification/searchartist?page=1&artist=Yanagida%20fumita [运行时间：6.469337s][吞吐率：0.15req/s] [内存消耗：3,189.41kb] [文件加载：67]
[ info ] [ BEHAVIOR ] Run Closure @app_init [ RunTime:0.000079s ]
[ info ] [ CACHE ] INIT File
[ info ] [ BEHAVIOR ] Run Closure @app_init [ RunTime:0.003353s ]
[ info ] [ LANG ] E:\phpStudy\WWW\haiyounet\comic\thinkphp\lang\zh-cn.php
[ info ] [ ROUTE ] array (
  'type' => 'module',
  'module' => 
  array (
    0 => 'index',
    1 => 'classification',
    2 => 'searchartist',
  ),
)
[ info ] [ HEADER ] array (
  'cookie' => '_ga=GA1.1.1686234317.1553678242; PHPSESSID=6ffpci9k4lc4kgel2rl0bduca4; XDEBUG_SESSION=12351',
  'accept-language' => 'zh-CN,zh;q=0.9',
  'accept-encoding' => 'gzip, deflate, br',
  'referer' => 'http://127.0.0.1:8090/index/classification/artist?name=Yanagida%20fumita&XDEBUG_SESSION_START=12351',
  'user-agent' => 'Mozilla/5.0 (Windows NT 10.0; Win64; x64) AppleWebKit/537.36 (KHTML, like Gecko) Chrome/73.0.3683.86 Safari/537.36',
  'x-requested-with' => 'XMLHttpRequest',
  'accept' => 'application/json, text/javascript, */*; q=0.01',
  'connection' => 'close',
  'host' => '127.0.0.1:8090',
)
[ info ] [ PARAM ] array (
  'page' => '1',
  'artist' => 'Yanagida fumita',
)
[ info ] [ LANG ] E:\phpStudy\WWW\haiyounet\comic\public/../application/index\lang\zh-cn.php
[ info ] [ BEHAVIOR ] Run app\common\behavior\Common @module_init [ RunTime:0.000986s ]
[ info ] [ RUN ] app\index\controller\Classification->searchArtist[ E:\phpStudy\WWW\haiyounet\comic\application\index\controller\Classification.php ]
[ info ] [ DB ] INIT mysql
[ info ] [ LOG ] INIT File
---------------------------------------------------------------
[ 2019-03-30T20:20:04+08:00 ] 127.0.0.1 GET /index/classification/artist?name=Yanagida%20fumita&XDEBUG_SESSION_START=12351
[ info ] 127.0.0.1:8090/index/classification/artist?name=Yanagida%20fumita&XDEBUG_SESSION_START=12351 [运行时间：3.090662s][吞吐率：0.32req/s] [内存消耗：3,347.38kb] [文件加载：71]
[ info ] [ BEHAVIOR ] Run Closure @app_init [ RunTime:0.000109s ]
[ info ] [ CACHE ] INIT File
[ info ] [ BEHAVIOR ] Run Closure @app_init [ RunTime:0.004864s ]
[ info ] [ LANG ] E:\phpStudy\WWW\haiyounet\comic\thinkphp\lang\zh-cn.php
[ info ] [ ROUTE ] array (
  'type' => 'module',
  'module' => 
  array (
    0 => 'index',
    1 => 'classification',
    2 => 'artist',
  ),
)
[ info ] [ HEADER ] array (
  'cookie' => '_ga=GA1.1.1686234317.1553678242; PHPSESSID=6ffpci9k4lc4kgel2rl0bduca4; XDEBUG_SESSION=12351',
  'accept-language' => 'zh-CN,zh;q=0.9',
  'accept-encoding' => 'gzip, deflate, br',
  'accept' => 'text/html,application/xhtml+xml,application/xml;q=0.9,image/webp,image/apng,*/*;q=0.8,application/signed-exchange;v=b3',
  'user-agent' => 'Mozilla/5.0 (Windows NT 10.0; Win64; x64) AppleWebKit/537.36 (KHTML, like Gecko) Chrome/73.0.3683.86 Safari/537.36',
  'upgrade-insecure-requests' => '1',
  'cache-control' => 'max-age=0',
  'connection' => 'close',
  'host' => '127.0.0.1:8090',
)
[ info ] [ PARAM ] array (
  'name' => 'Yanagida fumita',
  'XDEBUG_SESSION_START' => '12351',
)
[ info ] [ LANG ] E:\phpStudy\WWW\haiyounet\comic\public/../application/index\lang\zh-cn.php
[ info ] [ BEHAVIOR ] Run app\common\behavior\Common @module_init [ RunTime:0.000918s ]
[ info ] [ RUN ] app\index\controller\Classification->artist[ E:\phpStudy\WWW\haiyounet\comic\application\index\controller\Classification.php ]
[ info ] [ DB ] INIT mysql
[ info ] [ VIEW ] E:\phpStudy\WWW\haiyounet\comic\public/../application/index\view\classification\index.html [ array (
  0 => 'user',
  1 => 'image_prefix',
  2 => 'site',
  3 => 'config',
  4 => 'now',
  5 => 'classification_list',
  6 => 'page',
  7 => 'type',
  8 => 'artist',
) ]
[ info ] [ LOG ] INIT File
[ error ] [8]未定义变量: seo_config[E:\phpStudy\WWW\haiyounet\comic\runtime\temp\55ec1333afda4e5d322eea01a2971182.php:8]
[ error ] [8]未定义变量: seo_config[E:\phpStudy\WWW\haiyounet\comic\runtime\temp\55ec1333afda4e5d322eea01a2971182.php:9]
[ error ] [8]未定义变量: seo_config[E:\phpStudy\WWW\haiyounet\comic\runtime\temp\55ec1333afda4e5d322eea01a2971182.php:10]
[ error ] [8]未定义变量: classification[E:\phpStudy\WWW\haiyounet\comic\runtime\temp\55ec1333afda4e5d322eea01a2971182.php:205]
[ error ] [8]未定义变量: state[E:\phpStudy\WWW\haiyounet\comic\runtime\temp\55ec1333afda4e5d322eea01a2971182.php:208]
[ error ] [8]未定义变量: classification_text[E:\phpStudy\WWW\haiyounet\comic\runtime\temp\55ec1333afda4e5d322eea01a2971182.php:213]
---------------------------------------------------------------
[ 2019-03-30T20:20:11+08:00 ] 127.0.0.1 GET /index/classification/searchartist?page=1&artist=Yanagida%20fumita
[ info ] 127.0.0.1:8090/index/classification/searchartist?page=1&artist=Yanagida%20fumita [运行时间：6.857110s][吞吐率：0.15req/s] [内存消耗：3,189.79kb] [文件加载：67]
[ info ] [ BEHAVIOR ] Run Closure @app_init [ RunTime:0.000079s ]
[ info ] [ CACHE ] INIT File
[ info ] [ BEHAVIOR ] Run Closure @app_init [ RunTime:0.003588s ]
[ info ] [ LANG ] E:\phpStudy\WWW\haiyounet\comic\thinkphp\lang\zh-cn.php
[ info ] [ ROUTE ] array (
  'type' => 'module',
  'module' => 
  array (
    0 => 'index',
    1 => 'classification',
    2 => 'searchartist',
  ),
)
[ info ] [ HEADER ] array (
  'cookie' => '_ga=GA1.1.1686234317.1553678242; PHPSESSID=6ffpci9k4lc4kgel2rl0bduca4; XDEBUG_SESSION=12351',
  'accept-language' => 'zh-CN,zh;q=0.9',
  'accept-encoding' => 'gzip, deflate, br',
  'referer' => 'http://127.0.0.1:8090/index/classification/artist?name=Yanagida%20fumita&XDEBUG_SESSION_START=12351',
  'user-agent' => 'Mozilla/5.0 (Windows NT 10.0; Win64; x64) AppleWebKit/537.36 (KHTML, like Gecko) Chrome/73.0.3683.86 Safari/537.36',
  'x-requested-with' => 'XMLHttpRequest',
  'accept' => 'application/json, text/javascript, */*; q=0.01',
  'connection' => 'close',
  'host' => '127.0.0.1:8090',
)
[ info ] [ PARAM ] array (
  'page' => '1',
  'artist' => 'Yanagida fumita',
)
[ info ] [ LANG ] E:\phpStudy\WWW\haiyounet\comic\public/../application/index\lang\zh-cn.php
[ info ] [ BEHAVIOR ] Run app\common\behavior\Common @module_init [ RunTime:0.000909s ]
[ info ] [ RUN ] app\index\controller\Classification->searchArtist[ E:\phpStudy\WWW\haiyounet\comic\application\index\controller\Classification.php ]
[ info ] [ DB ] INIT mysql
[ info ] [ LOG ] INIT File
---------------------------------------------------------------
[ 2019-03-30T20:22:09+08:00 ] 127.0.0.1 GET /index/classification/artist?name=Yanagida%20fumita&XDEBUG_SESSION_START=12351
[ info ] 127.0.0.1:8090/index/classification/artist?name=Yanagida%20fumita&XDEBUG_SESSION_START=12351 [运行时间：2.574499s][吞吐率：0.39req/s] [内存消耗：3,526.16kb] [文件加载：73]
[ info ] [ BEHAVIOR ] Run Closure @app_init [ RunTime:0.000078s ]
[ info ] [ CACHE ] INIT File
[ info ] [ BEHAVIOR ] Run Closure @app_init [ RunTime:0.004244s ]
[ info ] [ LANG ] E:\phpStudy\WWW\haiyounet\comic\thinkphp\lang\zh-cn.php
[ info ] [ ROUTE ] array (
  'type' => 'module',
  'module' => 
  array (
    0 => 'index',
    1 => 'classification',
    2 => 'artist',
  ),
)
[ info ] [ HEADER ] array (
  'cookie' => '_ga=GA1.1.1686234317.1553678242; PHPSESSID=6ffpci9k4lc4kgel2rl0bduca4; XDEBUG_SESSION=12351',
  'accept-language' => 'zh-CN,zh;q=0.9',
  'accept-encoding' => 'gzip, deflate, br',
  'accept' => 'text/html,application/xhtml+xml,application/xml;q=0.9,image/webp,image/apng,*/*;q=0.8,application/signed-exchange;v=b3',
  'user-agent' => 'Mozilla/5.0 (Windows NT 10.0; Win64; x64) AppleWebKit/537.36 (KHTML, like Gecko) Chrome/73.0.3683.86 Safari/537.36',
  'upgrade-insecure-requests' => '1',
  'cache-control' => 'max-age=0',
  'connection' => 'close',
  'host' => '127.0.0.1:8090',
)
[ info ] [ PARAM ] array (
  'name' => 'Yanagida fumita',
  'XDEBUG_SESSION_START' => '12351',
)
[ info ] [ LANG ] E:\phpStudy\WWW\haiyounet\comic\public/../application/index\lang\zh-cn.php
[ info ] [ BEHAVIOR ] Run app\common\behavior\Common @module_init [ RunTime:0.001017s ]
[ info ] [ RUN ] app\index\controller\Classification->artist[ E:\phpStudy\WWW\haiyounet\comic\application\index\controller\Classification.php ]
[ info ] [ DB ] INIT mysql
[ info ] [ VIEW ] E:\phpStudy\WWW\haiyounet\comic\public/../application/index\view\classification\index.html [ array (
  0 => 'user',
  1 => 'image_prefix',
  2 => 'site',
  3 => 'config',
  4 => 'now',
  5 => 'classification_list',
  6 => 'page',
  7 => 'type',
  8 => 'artist',
) ]
[ info ] [ LOG ] INIT File
[ error ] [8]未定义变量: seo_config[E:\phpStudy\WWW\haiyounet\comic\runtime\temp\55ec1333afda4e5d322eea01a2971182.php:8]
[ error ] [8]未定义变量: seo_config[E:\phpStudy\WWW\haiyounet\comic\runtime\temp\55ec1333afda4e5d322eea01a2971182.php:9]
[ error ] [8]未定义变量: seo_config[E:\phpStudy\WWW\haiyounet\comic\runtime\temp\55ec1333afda4e5d322eea01a2971182.php:10]
[ error ] [8]未定义变量: classification[E:\phpStudy\WWW\haiyounet\comic\runtime\temp\55ec1333afda4e5d322eea01a2971182.php:205]
[ error ] [8]未定义变量: state[E:\phpStudy\WWW\haiyounet\comic\runtime\temp\55ec1333afda4e5d322eea01a2971182.php:208]
[ error ] [8]未定义变量: classification_text[E:\phpStudy\WWW\haiyounet\comic\runtime\temp\55ec1333afda4e5d322eea01a2971182.php:213]
---------------------------------------------------------------
[ 2019-03-30T20:22:15+08:00 ] 127.0.0.1 GET /index/classification/searchartist?page=1&artist=Yanagida%20fumita
[ info ] 127.0.0.1:8090/index/classification/searchartist?page=1&artist=Yanagida%20fumita [运行时间：6.126585s][吞吐率：0.16req/s] [内存消耗：3,189.79kb] [文件加载：67]
[ info ] [ BEHAVIOR ] Run Closure @app_init [ RunTime:0.000073s ]
[ info ] [ CACHE ] INIT File
[ info ] [ BEHAVIOR ] Run Closure @app_init [ RunTime:0.003402s ]
[ info ] [ LANG ] E:\phpStudy\WWW\haiyounet\comic\thinkphp\lang\zh-cn.php
[ info ] [ ROUTE ] array (
  'type' => 'module',
  'module' => 
  array (
    0 => 'index',
    1 => 'classification',
    2 => 'searchartist',
  ),
)
[ info ] [ HEADER ] array (
  'cookie' => '_ga=GA1.1.1686234317.1553678242; PHPSESSID=6ffpci9k4lc4kgel2rl0bduca4; XDEBUG_SESSION=12351',
  'accept-language' => 'zh-CN,zh;q=0.9',
  'accept-encoding' => 'gzip, deflate, br',
  'referer' => 'http://127.0.0.1:8090/index/classification/artist?name=Yanagida%20fumita&XDEBUG_SESSION_START=12351',
  'user-agent' => 'Mozilla/5.0 (Windows NT 10.0; Win64; x64) AppleWebKit/537.36 (KHTML, like Gecko) Chrome/73.0.3683.86 Safari/537.36',
  'x-requested-with' => 'XMLHttpRequest',
  'accept' => 'application/json, text/javascript, */*; q=0.01',
  'connection' => 'close',
  'host' => '127.0.0.1:8090',
)
[ info ] [ PARAM ] array (
  'page' => '1',
  'artist' => 'Yanagida fumita',
)
[ info ] [ LANG ] E:\phpStudy\WWW\haiyounet\comic\public/../application/index\lang\zh-cn.php
[ info ] [ BEHAVIOR ] Run app\common\behavior\Common @module_init [ RunTime:0.000810s ]
[ info ] [ RUN ] app\index\controller\Classification->searchArtist[ E:\phpStudy\WWW\haiyounet\comic\application\index\controller\Classification.php ]
[ info ] [ DB ] INIT mysql
[ info ] [ LOG ] INIT File
---------------------------------------------------------------
[ 2019-03-30T20:25:35+08:00 ] 127.0.0.1 GET /index
[ info ] 127.0.0.1:8090/index [运行时间：6.982464s][吞吐率：0.14req/s] [内存消耗：3,274.50kb] [文件加载：71]
[ info ] [ BEHAVIOR ] Run Closure @app_init [ RunTime:0.000314s ]
[ info ] [ CACHE ] INIT File
[ info ] [ BEHAVIOR ] Run Closure @app_init [ RunTime:0.005549s ]
[ info ] [ LANG ] E:\phpStudy\WWW\haiyounet\comic\thinkphp\lang\zh-cn.php
[ info ] [ ROUTE ] array (
  'type' => 'module',
  'module' => 
  array (
    0 => 'index',
    1 => NULL,
    2 => NULL,
  ),
)
[ info ] [ HEADER ] array (
  'cookie' => '_ga=GA1.1.1686234317.1553678242; PHPSESSID=6ffpci9k4lc4kgel2rl0bduca4; XDEBUG_SESSION=12351',
  'accept-language' => 'zh-CN,zh;q=0.9',
  'accept-encoding' => 'gzip, deflate, br',
  'referer' => 'http://127.0.0.1:8090/index/classification/artist?name=Yanagida%20fumita&XDEBUG_SESSION_START=12351',
  'accept' => 'text/html,application/xhtml+xml,application/xml;q=0.9,image/webp,image/apng,*/*;q=0.8,application/signed-exchange;v=b3',
  'user-agent' => 'Mozilla/5.0 (Windows NT 10.0; Win64; x64) AppleWebKit/537.36 (KHTML, like Gecko) Chrome/73.0.3683.86 Safari/537.36',
  'upgrade-insecure-requests' => '1',
  'connection' => 'close',
  'host' => '127.0.0.1:8090',
)
[ info ] [ PARAM ] array (
)
[ info ] [ LANG ] E:\phpStudy\WWW\haiyounet\comic\public/../application/index\lang\zh-cn.php
[ info ] [ BEHAVIOR ] Run app\common\behavior\Common @module_init [ RunTime:0.001420s ]
[ info ] [ LANG ] E:\phpStudy\WWW\haiyounet\comic\public/../application/index/lang/zh-cn/index.php
[ info ] [ RUN ] app\index\controller\Index->index[ E:\phpStudy\WWW\haiyounet\comic\application\index\controller\Index.php ]
[ info ] [ DB ] INIT mysql
[ info ] [ VIEW ] E:\phpStudy\WWW\haiyounet\comic\public/../application/index\view\index\index.html [ array (
  0 => 'user',
  1 => 'image_prefix',
  2 => 'site',
  3 => 'config',
  4 => 'now',
  5 => 'comic_list',
  6 => 'top_rank_list',
  7 => 'seo_config',
) ]
[ info ] [ LOG ] INIT File
---------------------------------------------------------------
[ 2019-03-30T20:28:34+08:00 ] 127.0.0.1 GET /index
[ info ] 127.0.0.1:8090/index [运行时间：6.808584s][吞吐率：0.15req/s] [内存消耗：3,430.69kb] [文件加载：73]
[ info ] [ BEHAVIOR ] Run Closure @app_init [ RunTime:0.000089s ]
[ info ] [ CACHE ] INIT File
[ info ] [ BEHAVIOR ] Run Closure @app_init [ RunTime:0.004239s ]
[ info ] [ LANG ] E:\phpStudy\WWW\haiyounet\comic\thinkphp\lang\zh-cn.php
[ info ] [ ROUTE ] array (
  'type' => 'module',
  'module' => 
  array (
    0 => 'index',
    1 => NULL,
    2 => NULL,
  ),
)
[ info ] [ HEADER ] array (
  'cookie' => '_ga=GA1.1.1686234317.1553678242; PHPSESSID=6ffpci9k4lc4kgel2rl0bduca4; XDEBUG_SESSION=12351',
  'accept-language' => 'zh-CN,zh;q=0.9',
  'accept-encoding' => 'gzip, deflate, br',
  'referer' => 'http://127.0.0.1:8090/index/classification/artist?name=Yanagida%20fumita&XDEBUG_SESSION_START=12351',
  'accept' => 'text/html,application/xhtml+xml,application/xml;q=0.9,image/webp,image/apng,*/*;q=0.8,application/signed-exchange;v=b3',
  'user-agent' => 'Mozilla/5.0 (Windows NT 10.0; Win64; x64) AppleWebKit/537.36 (KHTML, like Gecko) Chrome/73.0.3683.86 Safari/537.36',
  'upgrade-insecure-requests' => '1',
  'cache-control' => 'max-age=0',
  'connection' => 'close',
  'host' => '127.0.0.1:8090',
)
[ info ] [ PARAM ] array (
)
[ info ] [ LANG ] E:\phpStudy\WWW\haiyounet\comic\public/../application/index\lang\zh-cn.php
[ info ] [ BEHAVIOR ] Run app\common\behavior\Common @module_init [ RunTime:0.001100s ]
[ info ] [ LANG ] E:\phpStudy\WWW\haiyounet\comic\public/../application/index/lang/zh-cn/index.php
[ info ] [ RUN ] app\index\controller\Index->index[ E:\phpStudy\WWW\haiyounet\comic\application\index\controller\Index.php ]
[ info ] [ DB ] INIT mysql
[ info ] [ VIEW ] E:\phpStudy\WWW\haiyounet\comic\public/../application/index\view\index\index.html [ array (
  0 => 'user',
  1 => 'image_prefix',
  2 => 'site',
  3 => 'config',
  4 => 'now',
  5 => 'comic_list',
  6 => 'top_rank_list',
  7 => 'seo_config',
) ]
[ info ] [ LOG ] INIT File
---------------------------------------------------------------
[ 2019-03-30T20:28:44+08:00 ] 127.0.0.1 GET /index
[ info ] 127.0.0.1:8090/index [运行时间：7.148768s][吞吐率：0.14req/s] [内存消耗：3,430.69kb] [文件加载：73]
[ info ] [ BEHAVIOR ] Run Closure @app_init [ RunTime:0.000093s ]
[ info ] [ CACHE ] INIT File
[ info ] [ BEHAVIOR ] Run Closure @app_init [ RunTime:0.003423s ]
[ info ] [ LANG ] E:\phpStudy\WWW\haiyounet\comic\thinkphp\lang\zh-cn.php
[ info ] [ ROUTE ] array (
  'type' => 'module',
  'module' => 
  array (
    0 => 'index',
    1 => NULL,
    2 => NULL,
  ),
)
[ info ] [ HEADER ] array (
  'cookie' => '_ga=GA1.1.1686234317.1553678242; PHPSESSID=6ffpci9k4lc4kgel2rl0bduca4; XDEBUG_SESSION=12351',
  'accept-language' => 'zh-CN,zh;q=0.9',
  'accept-encoding' => 'gzip, deflate, br',
  'referer' => 'http://127.0.0.1:8090/index/classification/artist?name=Yanagida%20fumita&XDEBUG_SESSION_START=12351',
  'accept' => 'text/html,application/xhtml+xml,application/xml;q=0.9,image/webp,image/apng,*/*;q=0.8,application/signed-exchange;v=b3',
  'user-agent' => 'Mozilla/5.0 (Windows NT 10.0; Win64; x64) AppleWebKit/537.36 (KHTML, like Gecko) Chrome/73.0.3683.86 Safari/537.36',
  'upgrade-insecure-requests' => '1',
  'cache-control' => 'max-age=0',
  'connection' => 'close',
  'host' => '127.0.0.1:8090',
)
[ info ] [ PARAM ] array (
)
[ info ] [ LANG ] E:\phpStudy\WWW\haiyounet\comic\public/../application/index\lang\zh-cn.php
[ info ] [ BEHAVIOR ] Run app\common\behavior\Common @module_init [ RunTime:0.000917s ]
[ info ] [ LANG ] E:\phpStudy\WWW\haiyounet\comic\public/../application/index/lang/zh-cn/index.php
[ info ] [ RUN ] app\index\controller\Index->index[ E:\phpStudy\WWW\haiyounet\comic\application\index\controller\Index.php ]
[ info ] [ DB ] INIT mysql
[ info ] [ VIEW ] E:\phpStudy\WWW\haiyounet\comic\public/../application/index\view\index\index.html [ array (
  0 => 'user',
  1 => 'image_prefix',
  2 => 'site',
  3 => 'config',
  4 => 'now',
  5 => 'comic_list',
  6 => 'top_rank_list',
  7 => 'seo_config',
) ]
[ info ] [ LOG ] INIT File
---------------------------------------------------------------
[ 2019-03-30T20:29:50+08:00 ] 127.0.0.1 GET /index
[ info ] 127.0.0.1:8090/index [运行时间：7.807349s][吞吐率：0.13req/s] [内存消耗：3,430.73kb] [文件加载：73]
[ info ] [ BEHAVIOR ] Run Closure @app_init [ RunTime:0.000084s ]
[ info ] [ CACHE ] INIT File
[ info ] [ BEHAVIOR ] Run Closure @app_init [ RunTime:0.003528s ]
[ info ] [ LANG ] E:\phpStudy\WWW\haiyounet\comic\thinkphp\lang\zh-cn.php
[ info ] [ ROUTE ] array (
  'type' => 'module',
  'module' => 
  array (
    0 => 'index',
    1 => NULL,
    2 => NULL,
  ),
)
[ info ] [ HEADER ] array (
  'cookie' => '_ga=GA1.1.1686234317.1553678242; PHPSESSID=6ffpci9k4lc4kgel2rl0bduca4; XDEBUG_SESSION=12351',
  'accept-language' => 'zh-CN,zh;q=0.9',
  'accept-encoding' => 'gzip, deflate, br',
  'referer' => 'http://127.0.0.1:8090/index/classification/artist?name=Yanagida%20fumita&XDEBUG_SESSION_START=12351',
  'accept' => 'text/html,application/xhtml+xml,application/xml;q=0.9,image/webp,image/apng,*/*;q=0.8,application/signed-exchange;v=b3',
  'user-agent' => 'Mozilla/5.0 (Windows NT 10.0; Win64; x64) AppleWebKit/537.36 (KHTML, like Gecko) Chrome/73.0.3683.86 Safari/537.36',
  'upgrade-insecure-requests' => '1',
  'cache-control' => 'max-age=0',
  'connection' => 'close',
  'host' => '127.0.0.1:8090',
)
[ info ] [ PARAM ] array (
)
[ info ] [ LANG ] E:\phpStudy\WWW\haiyounet\comic\public/../application/index\lang\zh-cn.php
[ info ] [ BEHAVIOR ] Run app\common\behavior\Common @module_init [ RunTime:0.000808s ]
[ info ] [ LANG ] E:\phpStudy\WWW\haiyounet\comic\public/../application/index/lang/zh-cn/index.php
[ info ] [ RUN ] app\index\controller\Index->index[ E:\phpStudy\WWW\haiyounet\comic\application\index\controller\Index.php ]
[ info ] [ DB ] INIT mysql
[ info ] [ VIEW ] E:\phpStudy\WWW\haiyounet\comic\public/../application/index\view\index\index.html [ array (
  0 => 'user',
  1 => 'image_prefix',
  2 => 'site',
  3 => 'config',
  4 => 'now',
  5 => 'comic_list',
  6 => 'top_rank_list',
  7 => 'seo_config',
) ]
[ info ] [ LOG ] INIT File
---------------------------------------------------------------
[ 2019-03-30T20:32:57+08:00 ] 127.0.0.1 GET /index/detail/index?comic_id=1
[ info ] 127.0.0.1:8090/index/detail/index?comic_id=1 [运行时间：7.908965s][吞吐率：0.13req/s] [内存消耗：4,195.28kb] [文件加载：72]
[ info ] [ BEHAVIOR ] Run Closure @app_init [ RunTime:0.000086s ]
[ info ] [ CACHE ] INIT File
[ info ] [ BEHAVIOR ] Run Closure @app_init [ RunTime:0.004240s ]
[ info ] [ LANG ] E:\phpStudy\WWW\haiyounet\comic\thinkphp\lang\zh-cn.php
[ info ] [ ROUTE ] array (
  'type' => 'module',
  'module' => 
  array (
    0 => 'index',
    1 => 'detail',
    2 => 'index',
  ),
)
[ info ] [ HEADER ] array (
  'cookie' => '_ga=GA1.1.1686234317.1553678242; PHPSESSID=6ffpci9k4lc4kgel2rl0bduca4; XDEBUG_SESSION=12351',
  'accept-language' => 'zh-CN,zh;q=0.9',
  'accept-encoding' => 'gzip, deflate, br',
  'referer' => 'http://127.0.0.1:8090/index',
  'accept' => 'text/html,application/xhtml+xml,application/xml;q=0.9,image/webp,image/apng,*/*;q=0.8,application/signed-exchange;v=b3',
  'user-agent' => 'Mozilla/5.0 (Windows NT 10.0; Win64; x64) AppleWebKit/537.36 (KHTML, like Gecko) Chrome/73.0.3683.86 Safari/537.36',
  'upgrade-insecure-requests' => '1',
  'connection' => 'close',
  'host' => '127.0.0.1:8090',
)
[ info ] [ PARAM ] array (
  'comic_id' => '1',
)
[ info ] [ LANG ] E:\phpStudy\WWW\haiyounet\comic\public/../application/index\lang\zh-cn.php
[ info ] [ BEHAVIOR ] Run app\common\behavior\Common @module_init [ RunTime:0.001212s ]
[ info ] [ RUN ] app\index\controller\Detail->index[ E:\phpStudy\WWW\haiyounet\comic\application\index\controller\Detail.php ]
[ info ] [ DB ] INIT mysql
[ info ] [ VIEW ] E:\phpStudy\WWW\haiyounet\comic\public/../application/index\view\detail\index.html [ array (
  0 => 'user',
  1 => 'image_prefix',
  2 => 'site',
  3 => 'config',
  4 => 'now',
  5 => 'classification_list',
  6 => 'comic_info',
  7 => 'chapter_list',
  8 => 'recommend_comic_list',
  9 => 'seo_config',
) ]
[ info ] [ LOG ] INIT File
[ error ] [2]array_rand(): Second argument has to be between 1 and the number of elements in the array[E:\phpStudy\WWW\haiyounet\comic\application\index\controller\Detail.php:81]
[ error ] [2]Invalid argument supplied for foreach()[E:\phpStudy\WWW\haiyounet\comic\application\index\controller\Detail.php:84]
---------------------------------------------------------------
[ 2019-03-30T20:34:35+08:00 ] 127.0.0.1 GET /index/detail/index?comic_id=1
[ info ] 127.0.0.1:8090/index/detail/index?comic_id=1 [运行时间：7.776368s][吞吐率：0.13req/s] [内存消耗：4,935.68kb] [文件加载：74]
[ info ] [ BEHAVIOR ] Run Closure @app_init [ RunTime:0.000307s ]
[ info ] [ CACHE ] INIT File
[ info ] [ BEHAVIOR ] Run Closure @app_init [ RunTime:0.004476s ]
[ info ] [ LANG ] E:\phpStudy\WWW\haiyounet\comic\thinkphp\lang\zh-cn.php
[ info ] [ ROUTE ] array (
  'type' => 'module',
  'module' => 
  array (
    0 => 'index',
    1 => 'detail',
    2 => 'index',
  ),
)
[ info ] [ HEADER ] array (
  'cookie' => '_ga=GA1.1.1686234317.1553678242; PHPSESSID=6ffpci9k4lc4kgel2rl0bduca4; XDEBUG_SESSION=12351',
  'accept-language' => 'zh-CN,zh;q=0.9',
  'accept-encoding' => 'gzip, deflate, br',
  'referer' => 'http://127.0.0.1:8090/index',
  'accept' => 'text/html,application/xhtml+xml,application/xml;q=0.9,image/webp,image/apng,*/*;q=0.8,application/signed-exchange;v=b3',
  'user-agent' => 'Mozilla/5.0 (Windows NT 10.0; Win64; x64) AppleWebKit/537.36 (KHTML, like Gecko) Chrome/73.0.3683.86 Safari/537.36',
  'upgrade-insecure-requests' => '1',
  'cache-control' => 'max-age=0',
  'connection' => 'close',
  'host' => '127.0.0.1:8090',
)
[ info ] [ PARAM ] array (
  'comic_id' => '1',
)
[ info ] [ LANG ] E:\phpStudy\WWW\haiyounet\comic\public/../application/index\lang\zh-cn.php
[ info ] [ BEHAVIOR ] Run app\common\behavior\Common @module_init [ RunTime:0.001445s ]
[ info ] [ RUN ] app\index\controller\Detail->index[ E:\phpStudy\WWW\haiyounet\comic\application\index\controller\Detail.php ]
[ info ] [ DB ] INIT mysql
[ info ] [ VIEW ] E:\phpStudy\WWW\haiyounet\comic\public/../application/index\view\detail\index.html [ array (
  0 => 'user',
  1 => 'image_prefix',
  2 => 'site',
  3 => 'config',
  4 => 'now',
  5 => 'classification_list',
  6 => 'comic_info',
  7 => 'chapter_list',
  8 => 'recommend_comic_list',
  9 => 'seo_config',
) ]
[ info ] [ LOG ] INIT File
[ error ] [2]array_rand(): Second argument has to be between 1 and the number of elements in the array[E:\phpStudy\WWW\haiyounet\comic\application\index\controller\Detail.php:81]
[ error ] [2]Invalid argument supplied for foreach()[E:\phpStudy\WWW\haiyounet\comic\application\index\controller\Detail.php:84]
